2022-12-19 11:31:03,887 INFO org.hibernate.validator.internal.util.Version [background-preinit] HV000001: Hibernate Validator 6.2.5.Final
2022-12-19 11:31:03,892 INFO org.springframework.boot.StartupInfoLogger [restartedMain] Starting SpringWebMvcApplication using Java 19 on MacBook-Air-cua-tran.local with PID 26810 (/Users/trantruong193/laptrinh/springmvc/springWebMvc/target/classes started by trantruong193 in /Users/trantruong193/laptrinh/springmvc/springWebMvc)
2022-12-19 11:31:03,892 DEBUG org.springframework.boot.StartupInfoLogger [restartedMain] Running with Spring Boot v2.7.5, Spring v5.3.23
2022-12-19 11:31:03,892 INFO org.springframework.boot.SpringApplication [restartedMain] No active profile set, falling back to 1 default profile: "default"
2022-12-19 11:31:03,985 INFO org.springframework.boot.logging.DeferredLog [restartedMain] Devtools property defaults active! Set 'spring.devtools.add-properties' to 'false' to disable
2022-12-19 11:31:03,985 INFO org.springframework.boot.logging.DeferredLog [restartedMain] For additional web related logging consider setting the 'logging.level.web' property to 'DEBUG'
2022-12-19 11:31:04,286 INFO org.springframework.data.repository.config.RepositoryConfigurationDelegate [restartedMain] Bootstrapping Spring Data JPA repositories in DEFAULT mode.
2022-12-19 11:31:04,322 INFO org.springframework.data.repository.config.RepositoryConfigurationDelegate [restartedMain] Finished Spring Data repository scanning in 32 ms. Found 16 JPA repository interfaces.
2022-12-19 11:31:04,610 INFO org.springframework.boot.web.embedded.tomcat.TomcatWebServer [restartedMain] Tomcat initialized with port(s): 8080 (http)
2022-12-19 11:31:04,615 INFO org.apache.juli.logging.DirectJDKLog [restartedMain] Initializing ProtocolHandler ["http-nio-8080"]
2022-12-19 11:31:04,615 INFO org.apache.juli.logging.DirectJDKLog [restartedMain] Starting service [Tomcat]
2022-12-19 11:31:04,615 INFO org.apache.juli.logging.DirectJDKLog [restartedMain] Starting Servlet engine: [Apache Tomcat/9.0.68]
2022-12-19 11:31:04,642 INFO org.apache.juli.logging.DirectJDKLog [restartedMain] Initializing Spring embedded WebApplicationContext
2022-12-19 11:31:04,642 INFO org.springframework.boot.web.servlet.context.ServletWebServerApplicationContext [restartedMain] Root WebApplicationContext: initialization completed in 656 ms
2022-12-19 11:31:04,726 INFO org.hibernate.jpa.internal.util.LogHelper [restartedMain] HHH000204: Processing PersistenceUnitInfo [name: default]
2022-12-19 11:31:04,750 INFO org.hibernate.Version [restartedMain] HHH000412: Hibernate ORM core version 5.6.12.Final
2022-12-19 11:31:04,816 INFO org.hibernate.annotations.common.reflection.java.JavaReflectionManager [restartedMain] HCANN000001: Hibernate Commons Annotations {5.1.2.Final}
2022-12-19 11:31:04,862 INFO com.zaxxer.hikari.HikariDataSource [restartedMain] HikariPool-1 - Starting...
2022-12-19 11:31:05,022 INFO com.zaxxer.hikari.HikariDataSource [restartedMain] HikariPool-1 - Start completed.
2022-12-19 11:31:05,031 INFO org.hibernate.dialect.Dialect [restartedMain] HHH000400: Using dialect: org.hibernate.dialect.MySQL5Dialect
2022-12-19 11:31:05,538 INFO org.hibernate.engine.transaction.jta.platform.internal.JtaPlatformInitiator [restartedMain] HHH000490: Using JtaPlatform implementation: [org.hibernate.engine.transaction.jta.platform.internal.NoJtaPlatform]
2022-12-19 11:31:05,543 INFO org.springframework.orm.jpa.AbstractEntityManagerFactoryBean [restartedMain] Initialized JPA EntityManagerFactory for persistence unit 'default'
2022-12-19 11:31:06,081 INFO org.springframework.security.web.DefaultSecurityFilterChain [restartedMain] Will secure any request with [org.springframework.security.web.session.DisableEncodeUrlFilter@90ef776, org.springframework.security.web.context.request.async.WebAsyncManagerIntegrationFilter@5ad7fd0, org.springframework.security.web.context.SecurityContextPersistenceFilter@6fa92f7f, org.springframework.security.web.header.HeaderWriterFilter@2acf78d, org.springframework.security.web.authentication.logout.LogoutFilter@4ea2eff1, org.springframework.security.web.authentication.UsernamePasswordAuthenticationFilter@55248eac, org.springframework.security.web.savedrequest.RequestCacheAwareFilter@b7da84, org.springframework.security.web.servletapi.SecurityContextHolderAwareRequestFilter@4944dfa5, org.springframework.security.web.authentication.rememberme.RememberMeAuthenticationFilter@1f35953d, org.springframework.security.web.authentication.AnonymousAuthenticationFilter@36029e25, org.springframework.security.web.session.SessionManagementFilter@7ed7fb33, org.springframework.security.web.access.ExceptionTranslationFilter@63847c3a, org.springframework.security.web.access.intercept.AuthorizationFilter@53d69547]
2022-12-19 11:31:06,096 WARN org.springframework.boot.autoconfigure.orm.jpa.JpaBaseConfiguration$JpaWebConfiguration [restartedMain] spring.jpa.open-in-view is enabled by default. Therefore, database queries may be performed during view rendering. Explicitly configure spring.jpa.open-in-view to disable this warning
2022-12-19 11:31:06,465 WARN org.springframework.boot.autoconfigure.thymeleaf.ThymeleafAutoConfiguration$DefaultTemplateResolverConfiguration [restartedMain] Cannot find template location: classpath:/templates/ (please add some templates, check your Thymeleaf configuration, or set spring.thymeleaf.check-template-location=false)
2022-12-19 11:31:06,478 INFO org.springframework.boot.devtools.autoconfigure.OptionalLiveReloadServer [restartedMain] LiveReload server is running on port 35729
2022-12-19 11:31:06,490 INFO org.apache.juli.logging.DirectJDKLog [restartedMain] Starting ProtocolHandler ["http-nio-8080"]
2022-12-19 11:31:06,505 INFO org.springframework.boot.web.embedded.tomcat.TomcatWebServer [restartedMain] Tomcat started on port(s): 8080 (http) with context path ''
2022-12-19 11:31:06,513 INFO org.springframework.boot.StartupInfoLogger [restartedMain] Started SpringWebMvcApplication in 2.815 seconds (JVM running for 3.192)
2022-12-19 11:31:55,361 INFO org.springframework.orm.jpa.AbstractEntityManagerFactoryBean [SpringApplicationShutdownHook] Closing JPA EntityManagerFactory for persistence unit 'default'
2022-12-19 11:31:55,365 INFO com.zaxxer.hikari.HikariDataSource [SpringApplicationShutdownHook] HikariPool-1 - Shutdown initiated...
2022-12-19 11:31:55,370 INFO com.zaxxer.hikari.HikariDataSource [SpringApplicationShutdownHook] HikariPool-1 - Shutdown completed.
2022-12-19 11:31:57,186 INFO org.hibernate.validator.internal.util.Version [background-preinit] HV000001: Hibernate Validator 6.2.5.Final
2022-12-19 11:31:57,190 INFO org.springframework.boot.StartupInfoLogger [restartedMain] Starting SpringWebMvcApplication using Java 19 on MacBook-Air-cua-tran.local with PID 26829 (/Users/trantruong193/laptrinh/springmvc/springWebMvc/target/classes started by trantruong193 in /Users/trantruong193/laptrinh/springmvc/springWebMvc)
2022-12-19 11:31:57,190 DEBUG org.springframework.boot.StartupInfoLogger [restartedMain] Running with Spring Boot v2.7.5, Spring v5.3.23
2022-12-19 11:31:57,190 INFO org.springframework.boot.SpringApplication [restartedMain] No active profile set, falling back to 1 default profile: "default"
2022-12-19 11:31:57,276 INFO org.springframework.boot.logging.DeferredLog [restartedMain] Devtools property defaults active! Set 'spring.devtools.add-properties' to 'false' to disable
2022-12-19 11:31:57,276 INFO org.springframework.boot.logging.DeferredLog [restartedMain] For additional web related logging consider setting the 'logging.level.web' property to 'DEBUG'
2022-12-19 11:31:57,546 INFO org.springframework.data.repository.config.RepositoryConfigurationDelegate [restartedMain] Bootstrapping Spring Data JPA repositories in DEFAULT mode.
2022-12-19 11:31:57,582 INFO org.springframework.data.repository.config.RepositoryConfigurationDelegate [restartedMain] Finished Spring Data repository scanning in 32 ms. Found 16 JPA repository interfaces.
2022-12-19 11:31:57,848 INFO org.springframework.boot.web.embedded.tomcat.TomcatWebServer [restartedMain] Tomcat initialized with port(s): 8080 (http)
2022-12-19 11:31:57,853 INFO org.apache.juli.logging.DirectJDKLog [restartedMain] Initializing ProtocolHandler ["http-nio-8080"]
2022-12-19 11:31:57,853 INFO org.apache.juli.logging.DirectJDKLog [restartedMain] Starting service [Tomcat]
2022-12-19 11:31:57,853 INFO org.apache.juli.logging.DirectJDKLog [restartedMain] Starting Servlet engine: [Apache Tomcat/9.0.68]
2022-12-19 11:31:57,879 INFO org.apache.juli.logging.DirectJDKLog [restartedMain] Initializing Spring embedded WebApplicationContext
2022-12-19 11:31:57,879 INFO org.springframework.boot.web.servlet.context.ServletWebServerApplicationContext [restartedMain] Root WebApplicationContext: initialization completed in 603 ms
2022-12-19 11:31:57,955 INFO org.hibernate.jpa.internal.util.LogHelper [restartedMain] HHH000204: Processing PersistenceUnitInfo [name: default]
2022-12-19 11:31:57,980 INFO org.hibernate.Version [restartedMain] HHH000412: Hibernate ORM core version 5.6.12.Final
2022-12-19 11:31:58,041 INFO org.hibernate.annotations.common.reflection.java.JavaReflectionManager [restartedMain] HCANN000001: Hibernate Commons Annotations {5.1.2.Final}
2022-12-19 11:31:58,082 INFO com.zaxxer.hikari.HikariDataSource [restartedMain] HikariPool-1 - Starting...
2022-12-19 11:31:58,219 INFO com.zaxxer.hikari.HikariDataSource [restartedMain] HikariPool-1 - Start completed.
2022-12-19 11:31:58,227 INFO org.hibernate.dialect.Dialect [restartedMain] HHH000400: Using dialect: org.hibernate.dialect.MySQL5Dialect
2022-12-19 11:31:58,702 INFO org.hibernate.engine.transaction.jta.platform.internal.JtaPlatformInitiator [restartedMain] HHH000490: Using JtaPlatform implementation: [org.hibernate.engine.transaction.jta.platform.internal.NoJtaPlatform]
2022-12-19 11:31:58,705 INFO org.springframework.orm.jpa.AbstractEntityManagerFactoryBean [restartedMain] Initialized JPA EntityManagerFactory for persistence unit 'default'
2022-12-19 11:31:59,244 INFO org.springframework.security.web.DefaultSecurityFilterChain [restartedMain] Will secure any request with [org.springframework.security.web.session.DisableEncodeUrlFilter@7bf318ff, org.springframework.security.web.context.request.async.WebAsyncManagerIntegrationFilter@4bd8fa7e, org.springframework.security.web.context.SecurityContextPersistenceFilter@438440e2, org.springframework.security.web.header.HeaderWriterFilter@1d5da27a, org.springframework.security.web.authentication.logout.LogoutFilter@589e707a, org.springframework.security.web.authentication.UsernamePasswordAuthenticationFilter@75cad7f4, org.springframework.security.web.savedrequest.RequestCacheAwareFilter@188bee8, org.springframework.security.web.servletapi.SecurityContextHolderAwareRequestFilter@3c8992f4, org.springframework.security.web.authentication.rememberme.RememberMeAuthenticationFilter@95e0753, org.springframework.security.web.authentication.AnonymousAuthenticationFilter@324518c9, org.springframework.security.web.session.SessionManagementFilter@49cad9a8, org.springframework.security.web.access.ExceptionTranslationFilter@c1fe444, org.springframework.security.web.access.intercept.AuthorizationFilter@4f83d53d]
2022-12-19 11:31:59,260 WARN org.springframework.boot.autoconfigure.orm.jpa.JpaBaseConfiguration$JpaWebConfiguration [restartedMain] spring.jpa.open-in-view is enabled by default. Therefore, database queries may be performed during view rendering. Explicitly configure spring.jpa.open-in-view to disable this warning
2022-12-19 11:31:59,593 WARN org.springframework.boot.autoconfigure.thymeleaf.ThymeleafAutoConfiguration$DefaultTemplateResolverConfiguration [restartedMain] Cannot find template location: classpath:/templates/ (please add some templates, check your Thymeleaf configuration, or set spring.thymeleaf.check-template-location=false)
2022-12-19 11:31:59,606 INFO org.springframework.boot.devtools.autoconfigure.OptionalLiveReloadServer [restartedMain] LiveReload server is running on port 35729
2022-12-19 11:31:59,618 INFO org.apache.juli.logging.DirectJDKLog [restartedMain] Starting ProtocolHandler ["http-nio-8080"]
2022-12-19 11:31:59,626 INFO org.springframework.boot.web.embedded.tomcat.TomcatWebServer [restartedMain] Tomcat started on port(s): 8080 (http) with context path ''
2022-12-19 11:31:59,633 INFO org.springframework.boot.StartupInfoLogger [restartedMain] Started SpringWebMvcApplication in 2.621 seconds (JVM running for 2.94)
2022-12-19 11:32:28,550 INFO org.springframework.orm.jpa.AbstractEntityManagerFactoryBean [SpringApplicationShutdownHook] Closing JPA EntityManagerFactory for persistence unit 'default'
2022-12-19 11:32:28,553 INFO com.zaxxer.hikari.HikariDataSource [SpringApplicationShutdownHook] HikariPool-1 - Shutdown initiated...
2022-12-19 11:32:28,557 INFO com.zaxxer.hikari.HikariDataSource [SpringApplicationShutdownHook] HikariPool-1 - Shutdown completed.
2022-12-19 11:32:30,400 INFO org.hibernate.validator.internal.util.Version [background-preinit] HV000001: Hibernate Validator 6.2.5.Final
2022-12-19 11:32:30,402 INFO org.springframework.boot.StartupInfoLogger [restartedMain] Starting SpringWebMvcApplication using Java 19 on MacBook-Air-cua-tran.local with PID 26838 (/Users/trantruong193/laptrinh/springmvc/springWebMvc/target/classes started by trantruong193 in /Users/trantruong193/laptrinh/springmvc/springWebMvc)
2022-12-19 11:32:30,402 DEBUG org.springframework.boot.StartupInfoLogger [restartedMain] Running with Spring Boot v2.7.5, Spring v5.3.23
2022-12-19 11:32:30,403 INFO org.springframework.boot.SpringApplication [restartedMain] No active profile set, falling back to 1 default profile: "default"
2022-12-19 11:32:30,489 INFO org.springframework.boot.logging.DeferredLog [restartedMain] Devtools property defaults active! Set 'spring.devtools.add-properties' to 'false' to disable
2022-12-19 11:32:30,489 INFO org.springframework.boot.logging.DeferredLog [restartedMain] For additional web related logging consider setting the 'logging.level.web' property to 'DEBUG'
2022-12-19 11:32:30,759 INFO org.springframework.data.repository.config.RepositoryConfigurationDelegate [restartedMain] Bootstrapping Spring Data JPA repositories in DEFAULT mode.
2022-12-19 11:32:30,793 INFO org.springframework.data.repository.config.RepositoryConfigurationDelegate [restartedMain] Finished Spring Data repository scanning in 31 ms. Found 16 JPA repository interfaces.
2022-12-19 11:32:31,058 INFO org.springframework.boot.web.embedded.tomcat.TomcatWebServer [restartedMain] Tomcat initialized with port(s): 8080 (http)
2022-12-19 11:32:31,063 INFO org.apache.juli.logging.DirectJDKLog [restartedMain] Initializing ProtocolHandler ["http-nio-8080"]
2022-12-19 11:32:31,063 INFO org.apache.juli.logging.DirectJDKLog [restartedMain] Starting service [Tomcat]
2022-12-19 11:32:31,063 INFO org.apache.juli.logging.DirectJDKLog [restartedMain] Starting Servlet engine: [Apache Tomcat/9.0.68]
2022-12-19 11:32:31,089 INFO org.apache.juli.logging.DirectJDKLog [restartedMain] Initializing Spring embedded WebApplicationContext
2022-12-19 11:32:31,089 INFO org.springframework.boot.web.servlet.context.ServletWebServerApplicationContext [restartedMain] Root WebApplicationContext: initialization completed in 600 ms
2022-12-19 11:32:31,164 INFO org.hibernate.jpa.internal.util.LogHelper [restartedMain] HHH000204: Processing PersistenceUnitInfo [name: default]
2022-12-19 11:32:31,184 INFO org.hibernate.Version [restartedMain] HHH000412: Hibernate ORM core version 5.6.12.Final
2022-12-19 11:32:31,245 INFO org.hibernate.annotations.common.reflection.java.JavaReflectionManager [restartedMain] HCANN000001: Hibernate Commons Annotations {5.1.2.Final}
2022-12-19 11:32:31,284 INFO com.zaxxer.hikari.HikariDataSource [restartedMain] HikariPool-1 - Starting...
2022-12-19 11:32:31,423 INFO com.zaxxer.hikari.HikariDataSource [restartedMain] HikariPool-1 - Start completed.
2022-12-19 11:32:31,430 INFO org.hibernate.dialect.Dialect [restartedMain] HHH000400: Using dialect: org.hibernate.dialect.MySQL5Dialect
2022-12-19 11:32:31,906 INFO org.hibernate.engine.transaction.jta.platform.internal.JtaPlatformInitiator [restartedMain] HHH000490: Using JtaPlatform implementation: [org.hibernate.engine.transaction.jta.platform.internal.NoJtaPlatform]
2022-12-19 11:32:31,910 INFO org.springframework.orm.jpa.AbstractEntityManagerFactoryBean [restartedMain] Initialized JPA EntityManagerFactory for persistence unit 'default'
2022-12-19 11:32:32,443 INFO org.springframework.security.web.DefaultSecurityFilterChain [restartedMain] Will secure any request with [org.springframework.security.web.session.DisableEncodeUrlFilter@46ac45f1, org.springframework.security.web.context.request.async.WebAsyncManagerIntegrationFilter@15f3d312, org.springframework.security.web.context.SecurityContextPersistenceFilter@696b2e19, org.springframework.security.web.header.HeaderWriterFilter@1575f0c1, org.springframework.security.web.authentication.logout.LogoutFilter@76a87b1e, org.springframework.security.web.authentication.UsernamePasswordAuthenticationFilter@75cf725f, org.springframework.security.web.savedrequest.RequestCacheAwareFilter@58251178, org.springframework.security.web.servletapi.SecurityContextHolderAwareRequestFilter@4bd8fa7e, org.springframework.security.web.authentication.rememberme.RememberMeAuthenticationFilter@1f8839f5, org.springframework.security.web.authentication.AnonymousAuthenticationFilter@4bea17c8, org.springframework.security.web.session.SessionManagementFilter@e5dc116, org.springframework.security.web.access.ExceptionTranslationFilter@2c7e62af, org.springframework.security.web.access.intercept.AuthorizationFilter@488095f1]
2022-12-19 11:32:32,457 WARN org.springframework.boot.autoconfigure.orm.jpa.JpaBaseConfiguration$JpaWebConfiguration [restartedMain] spring.jpa.open-in-view is enabled by default. Therefore, database queries may be performed during view rendering. Explicitly configure spring.jpa.open-in-view to disable this warning
2022-12-19 11:32:32,803 WARN org.springframework.boot.autoconfigure.thymeleaf.ThymeleafAutoConfiguration$DefaultTemplateResolverConfiguration [restartedMain] Cannot find template location: classpath:/templates/ (please add some templates, check your Thymeleaf configuration, or set spring.thymeleaf.check-template-location=false)
2022-12-19 11:32:32,816 INFO org.springframework.boot.devtools.autoconfigure.OptionalLiveReloadServer [restartedMain] LiveReload server is running on port 35729
2022-12-19 11:32:32,827 INFO org.apache.juli.logging.DirectJDKLog [restartedMain] Starting ProtocolHandler ["http-nio-8080"]
2022-12-19 11:32:32,835 INFO org.springframework.boot.web.embedded.tomcat.TomcatWebServer [restartedMain] Tomcat started on port(s): 8080 (http) with context path ''
2022-12-19 11:32:32,842 INFO org.springframework.boot.StartupInfoLogger [restartedMain] Started SpringWebMvcApplication in 2.598 seconds (JVM running for 3.097)
2022-12-19 11:33:34,687 INFO org.springframework.orm.jpa.AbstractEntityManagerFactoryBean [SpringApplicationShutdownHook] Closing JPA EntityManagerFactory for persistence unit 'default'
2022-12-19 11:33:34,693 INFO com.zaxxer.hikari.HikariDataSource [SpringApplicationShutdownHook] HikariPool-1 - Shutdown initiated...
2022-12-19 11:33:34,698 INFO com.zaxxer.hikari.HikariDataSource [SpringApplicationShutdownHook] HikariPool-1 - Shutdown completed.
2022-12-19 11:33:36,382 INFO org.hibernate.validator.internal.util.Version [background-preinit] HV000001: Hibernate Validator 6.2.5.Final
2022-12-19 11:33:36,386 INFO org.springframework.boot.StartupInfoLogger [restartedMain] Starting SpringWebMvcApplication using Java 19 on MacBook-Air-cua-tran.local with PID 26844 (/Users/trantruong193/laptrinh/springmvc/springWebMvc/target/classes started by trantruong193 in /Users/trantruong193/laptrinh/springmvc/springWebMvc)
2022-12-19 11:33:36,387 DEBUG org.springframework.boot.StartupInfoLogger [restartedMain] Running with Spring Boot v2.7.5, Spring v5.3.23
2022-12-19 11:33:36,387 INFO org.springframework.boot.SpringApplication [restartedMain] No active profile set, falling back to 1 default profile: "default"
2022-12-19 11:33:36,478 INFO org.springframework.boot.logging.DeferredLog [restartedMain] Devtools property defaults active! Set 'spring.devtools.add-properties' to 'false' to disable
2022-12-19 11:33:36,478 INFO org.springframework.boot.logging.DeferredLog [restartedMain] For additional web related logging consider setting the 'logging.level.web' property to 'DEBUG'
2022-12-19 11:33:36,753 INFO org.springframework.data.repository.config.RepositoryConfigurationDelegate [restartedMain] Bootstrapping Spring Data JPA repositories in DEFAULT mode.
2022-12-19 11:33:36,788 INFO org.springframework.data.repository.config.RepositoryConfigurationDelegate [restartedMain] Finished Spring Data repository scanning in 32 ms. Found 16 JPA repository interfaces.
2022-12-19 11:33:37,061 INFO org.springframework.boot.web.embedded.tomcat.TomcatWebServer [restartedMain] Tomcat initialized with port(s): 8080 (http)
2022-12-19 11:33:37,065 INFO org.apache.juli.logging.DirectJDKLog [restartedMain] Initializing ProtocolHandler ["http-nio-8080"]
2022-12-19 11:33:37,065 INFO org.apache.juli.logging.DirectJDKLog [restartedMain] Starting service [Tomcat]
2022-12-19 11:33:37,065 INFO org.apache.juli.logging.DirectJDKLog [restartedMain] Starting Servlet engine: [Apache Tomcat/9.0.68]
2022-12-19 11:33:37,092 INFO org.apache.juli.logging.DirectJDKLog [restartedMain] Initializing Spring embedded WebApplicationContext
2022-12-19 11:33:37,092 INFO org.springframework.boot.web.servlet.context.ServletWebServerApplicationContext [restartedMain] Root WebApplicationContext: initialization completed in 613 ms
2022-12-19 11:33:37,168 INFO org.hibernate.jpa.internal.util.LogHelper [restartedMain] HHH000204: Processing PersistenceUnitInfo [name: default]
2022-12-19 11:33:37,188 INFO org.hibernate.Version [restartedMain] HHH000412: Hibernate ORM core version 5.6.12.Final
2022-12-19 11:33:37,250 INFO org.hibernate.annotations.common.reflection.java.JavaReflectionManager [restartedMain] HCANN000001: Hibernate Commons Annotations {5.1.2.Final}
2022-12-19 11:33:37,290 INFO com.zaxxer.hikari.HikariDataSource [restartedMain] HikariPool-1 - Starting...
2022-12-19 11:33:37,429 INFO com.zaxxer.hikari.HikariDataSource [restartedMain] HikariPool-1 - Start completed.
2022-12-19 11:33:37,437 INFO org.hibernate.dialect.Dialect [restartedMain] HHH000400: Using dialect: org.hibernate.dialect.MySQL5Dialect
2022-12-19 11:33:37,918 INFO org.hibernate.engine.transaction.jta.platform.internal.JtaPlatformInitiator [restartedMain] HHH000490: Using JtaPlatform implementation: [org.hibernate.engine.transaction.jta.platform.internal.NoJtaPlatform]
2022-12-19 11:33:37,926 INFO org.springframework.orm.jpa.AbstractEntityManagerFactoryBean [restartedMain] Initialized JPA EntityManagerFactory for persistence unit 'default'
2022-12-19 11:33:38,460 INFO org.springframework.security.web.DefaultSecurityFilterChain [restartedMain] Will secure any request with [org.springframework.security.web.session.DisableEncodeUrlFilter@95e0753, org.springframework.security.web.context.request.async.WebAsyncManagerIntegrationFilter@58251178, org.springframework.security.web.context.SecurityContextPersistenceFilter@3a043768, org.springframework.security.web.header.HeaderWriterFilter@23a3d16e, org.springframework.security.web.authentication.logout.LogoutFilter@4f76f855, org.springframework.security.web.authentication.UsernamePasswordAuthenticationFilter@1575f0c1, org.springframework.security.web.savedrequest.RequestCacheAwareFilter@289ebaf2, org.springframework.security.web.servletapi.SecurityContextHolderAwareRequestFilter@438440e2, org.springframework.security.web.authentication.rememberme.RememberMeAuthenticationFilter@75cad7f4, org.springframework.security.web.authentication.AnonymousAuthenticationFilter@7bf318ff, org.springframework.security.web.session.SessionManagementFilter@c1fe444, org.springframework.security.web.access.ExceptionTranslationFilter@7b76eb39, org.springframework.security.web.access.intercept.AuthorizationFilter@748cafa]
2022-12-19 11:33:38,475 WARN org.springframework.boot.autoconfigure.orm.jpa.JpaBaseConfiguration$JpaWebConfiguration [restartedMain] spring.jpa.open-in-view is enabled by default. Therefore, database queries may be performed during view rendering. Explicitly configure spring.jpa.open-in-view to disable this warning
2022-12-19 11:33:38,802 WARN org.springframework.boot.autoconfigure.thymeleaf.ThymeleafAutoConfiguration$DefaultTemplateResolverConfiguration [restartedMain] Cannot find template location: classpath:/templates/ (please add some templates, check your Thymeleaf configuration, or set spring.thymeleaf.check-template-location=false)
2022-12-19 11:33:38,815 INFO org.springframework.boot.devtools.autoconfigure.OptionalLiveReloadServer [restartedMain] LiveReload server is running on port 35729
2022-12-19 11:33:38,827 INFO org.apache.juli.logging.DirectJDKLog [restartedMain] Starting ProtocolHandler ["http-nio-8080"]
2022-12-19 11:33:38,842 INFO org.springframework.boot.web.embedded.tomcat.TomcatWebServer [restartedMain] Tomcat started on port(s): 8080 (http) with context path ''
2022-12-19 11:33:38,849 INFO org.springframework.boot.StartupInfoLogger [restartedMain] Started SpringWebMvcApplication in 2.665 seconds (JVM running for 3.093)
2022-12-19 11:35:00,314 INFO org.springframework.orm.jpa.AbstractEntityManagerFactoryBean [SpringApplicationShutdownHook] Closing JPA EntityManagerFactory for persistence unit 'default'
2022-12-19 11:35:00,321 INFO com.zaxxer.hikari.HikariDataSource [SpringApplicationShutdownHook] HikariPool-1 - Shutdown initiated...
2022-12-19 11:35:00,329 INFO com.zaxxer.hikari.HikariDataSource [SpringApplicationShutdownHook] HikariPool-1 - Shutdown completed.
2022-12-19 11:35:02,234 INFO org.hibernate.validator.internal.util.Version [background-preinit] HV000001: Hibernate Validator 6.2.5.Final
2022-12-19 11:35:02,236 INFO org.springframework.boot.StartupInfoLogger [restartedMain] Starting SpringWebMvcApplication using Java 19 on MacBook-Air-cua-tran.local with PID 26869 (/Users/trantruong193/laptrinh/springmvc/springWebMvc/target/classes started by trantruong193 in /Users/trantruong193/laptrinh/springmvc/springWebMvc)
2022-12-19 11:35:02,236 DEBUG org.springframework.boot.StartupInfoLogger [restartedMain] Running with Spring Boot v2.7.5, Spring v5.3.23
2022-12-19 11:35:02,236 INFO org.springframework.boot.SpringApplication [restartedMain] No active profile set, falling back to 1 default profile: "default"
2022-12-19 11:35:02,320 INFO org.springframework.boot.logging.DeferredLog [restartedMain] Devtools property defaults active! Set 'spring.devtools.add-properties' to 'false' to disable
2022-12-19 11:35:02,320 INFO org.springframework.boot.logging.DeferredLog [restartedMain] For additional web related logging consider setting the 'logging.level.web' property to 'DEBUG'
2022-12-19 11:35:02,587 INFO org.springframework.data.repository.config.RepositoryConfigurationDelegate [restartedMain] Bootstrapping Spring Data JPA repositories in DEFAULT mode.
2022-12-19 11:35:02,622 INFO org.springframework.data.repository.config.RepositoryConfigurationDelegate [restartedMain] Finished Spring Data repository scanning in 31 ms. Found 16 JPA repository interfaces.
2022-12-19 11:35:02,905 INFO org.springframework.boot.web.embedded.tomcat.TomcatWebServer [restartedMain] Tomcat initialized with port(s): 8080 (http)
2022-12-19 11:35:02,909 INFO org.apache.juli.logging.DirectJDKLog [restartedMain] Initializing ProtocolHandler ["http-nio-8080"]
2022-12-19 11:35:02,909 INFO org.apache.juli.logging.DirectJDKLog [restartedMain] Starting service [Tomcat]
2022-12-19 11:35:02,909 INFO org.apache.juli.logging.DirectJDKLog [restartedMain] Starting Servlet engine: [Apache Tomcat/9.0.68]
2022-12-19 11:35:02,934 INFO org.apache.juli.logging.DirectJDKLog [restartedMain] Initializing Spring embedded WebApplicationContext
2022-12-19 11:35:02,934 INFO org.springframework.boot.web.servlet.context.ServletWebServerApplicationContext [restartedMain] Root WebApplicationContext: initialization completed in 614 ms
2022-12-19 11:35:03,008 INFO org.hibernate.jpa.internal.util.LogHelper [restartedMain] HHH000204: Processing PersistenceUnitInfo [name: default]
2022-12-19 11:35:03,030 INFO org.hibernate.Version [restartedMain] HHH000412: Hibernate ORM core version 5.6.12.Final
2022-12-19 11:35:03,090 INFO org.hibernate.annotations.common.reflection.java.JavaReflectionManager [restartedMain] HCANN000001: Hibernate Commons Annotations {5.1.2.Final}
2022-12-19 11:35:03,128 INFO com.zaxxer.hikari.HikariDataSource [restartedMain] HikariPool-1 - Starting...
2022-12-19 11:35:03,266 INFO com.zaxxer.hikari.HikariDataSource [restartedMain] HikariPool-1 - Start completed.
2022-12-19 11:35:03,274 INFO org.hibernate.dialect.Dialect [restartedMain] HHH000400: Using dialect: org.hibernate.dialect.MySQL5Dialect
2022-12-19 11:35:03,745 INFO org.hibernate.engine.transaction.jta.platform.internal.JtaPlatformInitiator [restartedMain] HHH000490: Using JtaPlatform implementation: [org.hibernate.engine.transaction.jta.platform.internal.NoJtaPlatform]
2022-12-19 11:35:03,749 INFO org.springframework.orm.jpa.AbstractEntityManagerFactoryBean [restartedMain] Initialized JPA EntityManagerFactory for persistence unit 'default'
2022-12-19 11:35:04,283 INFO org.springframework.security.web.DefaultSecurityFilterChain [restartedMain] Will secure any request with [org.springframework.security.web.session.DisableEncodeUrlFilter@2acf78d, org.springframework.security.web.context.request.async.WebAsyncManagerIntegrationFilter@3e72356b, org.springframework.security.web.context.SecurityContextPersistenceFilter@2d596752, org.springframework.security.web.header.HeaderWriterFilter@61a6208, org.springframework.security.web.authentication.logout.LogoutFilter@696b2e19, org.springframework.security.web.authentication.UsernamePasswordAuthenticationFilter@37526e09, org.springframework.security.web.savedrequest.RequestCacheAwareFilter@2c9534df, org.springframework.security.web.servletapi.SecurityContextHolderAwareRequestFilter@707da7e1, org.springframework.security.web.authentication.rememberme.RememberMeAuthenticationFilter@63847c3a, org.springframework.security.web.authentication.AnonymousAuthenticationFilter@7ed7fb33, org.springframework.security.web.session.SessionManagementFilter@451a5570, org.springframework.security.web.access.ExceptionTranslationFilter@5d6b5aeb, org.springframework.security.web.access.intercept.AuthorizationFilter@2dcbb829]
2022-12-19 11:35:04,295 WARN org.springframework.boot.autoconfigure.orm.jpa.JpaBaseConfiguration$JpaWebConfiguration [restartedMain] spring.jpa.open-in-view is enabled by default. Therefore, database queries may be performed during view rendering. Explicitly configure spring.jpa.open-in-view to disable this warning
2022-12-19 11:35:04,636 WARN org.springframework.boot.autoconfigure.thymeleaf.ThymeleafAutoConfiguration$DefaultTemplateResolverConfiguration [restartedMain] Cannot find template location: classpath:/templates/ (please add some templates, check your Thymeleaf configuration, or set spring.thymeleaf.check-template-location=false)
2022-12-19 11:35:04,649 INFO org.springframework.boot.devtools.autoconfigure.OptionalLiveReloadServer [restartedMain] LiveReload server is running on port 35729
2022-12-19 11:35:04,661 INFO org.apache.juli.logging.DirectJDKLog [restartedMain] Starting ProtocolHandler ["http-nio-8080"]
2022-12-19 11:35:04,670 INFO org.springframework.boot.web.embedded.tomcat.TomcatWebServer [restartedMain] Tomcat started on port(s): 8080 (http) with context path ''
2022-12-19 11:35:04,678 INFO org.springframework.boot.StartupInfoLogger [restartedMain] Started SpringWebMvcApplication in 2.605 seconds (JVM running for 3.175)
2022-12-19 11:35:34,668 INFO org.springframework.orm.jpa.AbstractEntityManagerFactoryBean [SpringApplicationShutdownHook] Closing JPA EntityManagerFactory for persistence unit 'default'
2022-12-19 11:35:34,671 INFO com.zaxxer.hikari.HikariDataSource [SpringApplicationShutdownHook] HikariPool-1 - Shutdown initiated...
2022-12-19 11:35:34,676 INFO com.zaxxer.hikari.HikariDataSource [SpringApplicationShutdownHook] HikariPool-1 - Shutdown completed.
2022-12-19 11:35:36,452 INFO org.hibernate.validator.internal.util.Version [background-preinit] HV000001: Hibernate Validator 6.2.5.Final
2022-12-19 11:35:36,454 INFO org.springframework.boot.StartupInfoLogger [restartedMain] Starting SpringWebMvcApplication using Java 19 on MacBook-Air-cua-tran.local with PID 26878 (/Users/trantruong193/laptrinh/springmvc/springWebMvc/target/classes started by trantruong193 in /Users/trantruong193/laptrinh/springmvc/springWebMvc)
2022-12-19 11:35:36,454 DEBUG org.springframework.boot.StartupInfoLogger [restartedMain] Running with Spring Boot v2.7.5, Spring v5.3.23
2022-12-19 11:35:36,454 INFO org.springframework.boot.SpringApplication [restartedMain] No active profile set, falling back to 1 default profile: "default"
2022-12-19 11:35:36,536 INFO org.springframework.boot.logging.DeferredLog [restartedMain] Devtools property defaults active! Set 'spring.devtools.add-properties' to 'false' to disable
2022-12-19 11:35:36,537 INFO org.springframework.boot.logging.DeferredLog [restartedMain] For additional web related logging consider setting the 'logging.level.web' property to 'DEBUG'
2022-12-19 11:35:36,809 INFO org.springframework.data.repository.config.RepositoryConfigurationDelegate [restartedMain] Bootstrapping Spring Data JPA repositories in DEFAULT mode.
2022-12-19 11:35:36,844 INFO org.springframework.data.repository.config.RepositoryConfigurationDelegate [restartedMain] Finished Spring Data repository scanning in 32 ms. Found 16 JPA repository interfaces.
2022-12-19 11:35:37,107 INFO org.springframework.boot.web.embedded.tomcat.TomcatWebServer [restartedMain] Tomcat initialized with port(s): 8080 (http)
2022-12-19 11:35:37,111 INFO org.apache.juli.logging.DirectJDKLog [restartedMain] Initializing ProtocolHandler ["http-nio-8080"]
2022-12-19 11:35:37,112 INFO org.apache.juli.logging.DirectJDKLog [restartedMain] Starting service [Tomcat]
2022-12-19 11:35:37,112 INFO org.apache.juli.logging.DirectJDKLog [restartedMain] Starting Servlet engine: [Apache Tomcat/9.0.68]
2022-12-19 11:35:37,139 INFO org.apache.juli.logging.DirectJDKLog [restartedMain] Initializing Spring embedded WebApplicationContext
2022-12-19 11:35:37,139 INFO org.springframework.boot.web.servlet.context.ServletWebServerApplicationContext [restartedMain] Root WebApplicationContext: initialization completed in 602 ms
2022-12-19 11:35:37,213 INFO org.hibernate.jpa.internal.util.LogHelper [restartedMain] HHH000204: Processing PersistenceUnitInfo [name: default]
2022-12-19 11:35:37,234 INFO org.hibernate.Version [restartedMain] HHH000412: Hibernate ORM core version 5.6.12.Final
2022-12-19 11:35:37,297 INFO org.hibernate.annotations.common.reflection.java.JavaReflectionManager [restartedMain] HCANN000001: Hibernate Commons Annotations {5.1.2.Final}
2022-12-19 11:35:37,336 INFO com.zaxxer.hikari.HikariDataSource [restartedMain] HikariPool-1 - Starting...
2022-12-19 11:35:37,474 INFO com.zaxxer.hikari.HikariDataSource [restartedMain] HikariPool-1 - Start completed.
2022-12-19 11:35:37,482 INFO org.hibernate.dialect.Dialect [restartedMain] HHH000400: Using dialect: org.hibernate.dialect.MySQL5Dialect
2022-12-19 11:35:37,949 INFO org.hibernate.engine.transaction.jta.platform.internal.JtaPlatformInitiator [restartedMain] HHH000490: Using JtaPlatform implementation: [org.hibernate.engine.transaction.jta.platform.internal.NoJtaPlatform]
2022-12-19 11:35:37,953 INFO org.springframework.orm.jpa.AbstractEntityManagerFactoryBean [restartedMain] Initialized JPA EntityManagerFactory for persistence unit 'default'
2022-12-19 11:35:38,488 INFO org.springframework.security.web.DefaultSecurityFilterChain [restartedMain] Will secure any request with [org.springframework.security.web.session.DisableEncodeUrlFilter@2fd0e051, org.springframework.security.web.context.request.async.WebAsyncManagerIntegrationFilter@69e17d1a, org.springframework.security.web.context.SecurityContextPersistenceFilter@7d643661, org.springframework.security.web.header.HeaderWriterFilter@3e72356b, org.springframework.security.web.authentication.logout.LogoutFilter@4b70003c, org.springframework.security.web.authentication.UsernamePasswordAuthenticationFilter@2bcb0668, org.springframework.security.web.savedrequest.RequestCacheAwareFilter@34d672b7, org.springframework.security.web.servletapi.SecurityContextHolderAwareRequestFilter@ef5a575, org.springframework.security.web.authentication.rememberme.RememberMeAuthenticationFilter@73893099, org.springframework.security.web.authentication.AnonymousAuthenticationFilter@53d69547, org.springframework.security.web.session.SessionManagementFilter@76a87b1e, org.springframework.security.web.access.ExceptionTranslationFilter@1a409346, org.springframework.security.web.access.intercept.AuthorizationFilter@414dc61a]
2022-12-19 11:35:38,501 WARN org.springframework.boot.autoconfigure.orm.jpa.JpaBaseConfiguration$JpaWebConfiguration [restartedMain] spring.jpa.open-in-view is enabled by default. Therefore, database queries may be performed during view rendering. Explicitly configure spring.jpa.open-in-view to disable this warning
2022-12-19 11:35:38,830 WARN org.springframework.boot.autoconfigure.thymeleaf.ThymeleafAutoConfiguration$DefaultTemplateResolverConfiguration [restartedMain] Cannot find template location: classpath:/templates/ (please add some templates, check your Thymeleaf configuration, or set spring.thymeleaf.check-template-location=false)
2022-12-19 11:35:38,843 INFO org.springframework.boot.devtools.autoconfigure.OptionalLiveReloadServer [restartedMain] LiveReload server is running on port 35729
2022-12-19 11:35:38,855 INFO org.apache.juli.logging.DirectJDKLog [restartedMain] Starting ProtocolHandler ["http-nio-8080"]
2022-12-19 11:35:38,864 INFO org.springframework.boot.web.embedded.tomcat.TomcatWebServer [restartedMain] Tomcat started on port(s): 8080 (http) with context path ''
2022-12-19 11:35:38,872 INFO org.springframework.boot.StartupInfoLogger [restartedMain] Started SpringWebMvcApplication in 2.6 seconds (JVM running for 2.924)
2022-12-19 11:36:24,501 INFO org.springframework.orm.jpa.AbstractEntityManagerFactoryBean [SpringApplicationShutdownHook] Closing JPA EntityManagerFactory for persistence unit 'default'
2022-12-19 11:36:24,504 INFO com.zaxxer.hikari.HikariDataSource [SpringApplicationShutdownHook] HikariPool-1 - Shutdown initiated...
2022-12-19 11:36:24,507 INFO com.zaxxer.hikari.HikariDataSource [SpringApplicationShutdownHook] HikariPool-1 - Shutdown completed.
2022-12-19 11:36:26,210 INFO org.hibernate.validator.internal.util.Version [background-preinit] HV000001: Hibernate Validator 6.2.5.Final
2022-12-19 11:36:26,214 INFO org.springframework.boot.StartupInfoLogger [restartedMain] Starting SpringWebMvcApplication using Java 19 on MacBook-Air-cua-tran.local with PID 26883 (/Users/trantruong193/laptrinh/springmvc/springWebMvc/target/classes started by trantruong193 in /Users/trantruong193/laptrinh/springmvc/springWebMvc)
2022-12-19 11:36:26,214 DEBUG org.springframework.boot.StartupInfoLogger [restartedMain] Running with Spring Boot v2.7.5, Spring v5.3.23
2022-12-19 11:36:26,214 INFO org.springframework.boot.SpringApplication [restartedMain] No active profile set, falling back to 1 default profile: "default"
2022-12-19 11:36:26,304 INFO org.springframework.boot.logging.DeferredLog [restartedMain] Devtools property defaults active! Set 'spring.devtools.add-properties' to 'false' to disable
2022-12-19 11:36:26,304 INFO org.springframework.boot.logging.DeferredLog [restartedMain] For additional web related logging consider setting the 'logging.level.web' property to 'DEBUG'
2022-12-19 11:36:26,580 INFO org.springframework.data.repository.config.RepositoryConfigurationDelegate [restartedMain] Bootstrapping Spring Data JPA repositories in DEFAULT mode.
2022-12-19 11:36:26,617 INFO org.springframework.data.repository.config.RepositoryConfigurationDelegate [restartedMain] Finished Spring Data repository scanning in 33 ms. Found 16 JPA repository interfaces.
2022-12-19 11:36:26,885 INFO org.springframework.boot.web.embedded.tomcat.TomcatWebServer [restartedMain] Tomcat initialized with port(s): 8080 (http)
2022-12-19 11:36:26,889 INFO org.apache.juli.logging.DirectJDKLog [restartedMain] Initializing ProtocolHandler ["http-nio-8080"]
2022-12-19 11:36:26,889 INFO org.apache.juli.logging.DirectJDKLog [restartedMain] Starting service [Tomcat]
2022-12-19 11:36:26,889 INFO org.apache.juli.logging.DirectJDKLog [restartedMain] Starting Servlet engine: [Apache Tomcat/9.0.68]
2022-12-19 11:36:26,919 INFO org.apache.juli.logging.DirectJDKLog [restartedMain] Initializing Spring embedded WebApplicationContext
2022-12-19 11:36:26,920 INFO org.springframework.boot.web.servlet.context.ServletWebServerApplicationContext [restartedMain] Root WebApplicationContext: initialization completed in 616 ms
2022-12-19 11:36:27,006 INFO org.hibernate.jpa.internal.util.LogHelper [restartedMain] HHH000204: Processing PersistenceUnitInfo [name: default]
2022-12-19 11:36:27,029 INFO org.hibernate.Version [restartedMain] HHH000412: Hibernate ORM core version 5.6.12.Final
2022-12-19 11:36:27,089 INFO org.hibernate.annotations.common.reflection.java.JavaReflectionManager [restartedMain] HCANN000001: Hibernate Commons Annotations {5.1.2.Final}
2022-12-19 11:36:27,132 INFO com.zaxxer.hikari.HikariDataSource [restartedMain] HikariPool-1 - Starting...
2022-12-19 11:36:27,266 INFO com.zaxxer.hikari.HikariDataSource [restartedMain] HikariPool-1 - Start completed.
2022-12-19 11:36:27,273 INFO org.hibernate.dialect.Dialect [restartedMain] HHH000400: Using dialect: org.hibernate.dialect.MySQL5Dialect
2022-12-19 11:36:27,756 INFO org.hibernate.engine.transaction.jta.platform.internal.JtaPlatformInitiator [restartedMain] HHH000490: Using JtaPlatform implementation: [org.hibernate.engine.transaction.jta.platform.internal.NoJtaPlatform]
2022-12-19 11:36:27,760 INFO org.springframework.orm.jpa.AbstractEntityManagerFactoryBean [restartedMain] Initialized JPA EntityManagerFactory for persistence unit 'default'
2022-12-19 11:36:28,288 INFO org.springframework.security.web.DefaultSecurityFilterChain [restartedMain] Will secure any request with [org.springframework.security.web.session.DisableEncodeUrlFilter@308b5cff, org.springframework.security.web.context.request.async.WebAsyncManagerIntegrationFilter@5e9bfb84, org.springframework.security.web.context.SecurityContextPersistenceFilter@732cacb0, org.springframework.security.web.header.HeaderWriterFilter@1a409346, org.springframework.security.web.authentication.logout.LogoutFilter@75cf725f, org.springframework.security.web.authentication.UsernamePasswordAuthenticationFilter@776e288c, org.springframework.security.web.savedrequest.RequestCacheAwareFilter@63847c3a, org.springframework.security.web.servletapi.SecurityContextHolderAwareRequestFilter@2acf78d, org.springframework.security.web.authentication.rememberme.RememberMeAuthenticationFilter@7d9db690, org.springframework.security.web.authentication.AnonymousAuthenticationFilter@4ea2eff1, org.springframework.security.web.session.SessionManagementFilter@5e208e98, org.springframework.security.web.access.ExceptionTranslationFilter@2e59dbea, org.springframework.security.web.access.intercept.AuthorizationFilter@5bdf2a9e]
2022-12-19 11:36:28,300 WARN org.springframework.boot.autoconfigure.orm.jpa.JpaBaseConfiguration$JpaWebConfiguration [restartedMain] spring.jpa.open-in-view is enabled by default. Therefore, database queries may be performed during view rendering. Explicitly configure spring.jpa.open-in-view to disable this warning
2022-12-19 11:36:28,621 WARN org.springframework.boot.autoconfigure.thymeleaf.ThymeleafAutoConfiguration$DefaultTemplateResolverConfiguration [restartedMain] Cannot find template location: classpath:/templates/ (please add some templates, check your Thymeleaf configuration, or set spring.thymeleaf.check-template-location=false)
2022-12-19 11:36:28,634 INFO org.springframework.boot.devtools.autoconfigure.OptionalLiveReloadServer [restartedMain] LiveReload server is running on port 35729
2022-12-19 11:36:28,645 INFO org.apache.juli.logging.DirectJDKLog [restartedMain] Starting ProtocolHandler ["http-nio-8080"]
2022-12-19 11:36:28,653 INFO org.springframework.boot.web.embedded.tomcat.TomcatWebServer [restartedMain] Tomcat started on port(s): 8080 (http) with context path ''
2022-12-19 11:36:28,660 INFO org.springframework.boot.StartupInfoLogger [restartedMain] Started SpringWebMvcApplication in 2.628 seconds (JVM running for 2.933)
2022-12-19 11:36:48,522 INFO org.springframework.orm.jpa.AbstractEntityManagerFactoryBean [SpringApplicationShutdownHook] Closing JPA EntityManagerFactory for persistence unit 'default'
2022-12-19 11:36:48,524 INFO com.zaxxer.hikari.HikariDataSource [SpringApplicationShutdownHook] HikariPool-1 - Shutdown initiated...
2022-12-19 11:36:48,526 INFO com.zaxxer.hikari.HikariDataSource [SpringApplicationShutdownHook] HikariPool-1 - Shutdown completed.
2022-12-19 11:36:50,205 INFO org.hibernate.validator.internal.util.Version [background-preinit] HV000001: Hibernate Validator 6.2.5.Final
2022-12-19 11:36:50,209 INFO org.springframework.boot.StartupInfoLogger [restartedMain] Starting SpringWebMvcApplication using Java 19 on MacBook-Air-cua-tran.local with PID 26894 (/Users/trantruong193/laptrinh/springmvc/springWebMvc/target/classes started by trantruong193 in /Users/trantruong193/laptrinh/springmvc/springWebMvc)
2022-12-19 11:36:50,209 DEBUG org.springframework.boot.StartupInfoLogger [restartedMain] Running with Spring Boot v2.7.5, Spring v5.3.23
2022-12-19 11:36:50,209 INFO org.springframework.boot.SpringApplication [restartedMain] No active profile set, falling back to 1 default profile: "default"
2022-12-19 11:36:50,297 INFO org.springframework.boot.logging.DeferredLog [restartedMain] Devtools property defaults active! Set 'spring.devtools.add-properties' to 'false' to disable
2022-12-19 11:36:50,297 INFO org.springframework.boot.logging.DeferredLog [restartedMain] For additional web related logging consider setting the 'logging.level.web' property to 'DEBUG'
2022-12-19 11:36:50,570 INFO org.springframework.data.repository.config.RepositoryConfigurationDelegate [restartedMain] Bootstrapping Spring Data JPA repositories in DEFAULT mode.
2022-12-19 11:36:50,606 INFO org.springframework.data.repository.config.RepositoryConfigurationDelegate [restartedMain] Finished Spring Data repository scanning in 33 ms. Found 16 JPA repository interfaces.
2022-12-19 11:36:50,871 INFO org.springframework.boot.web.embedded.tomcat.TomcatWebServer [restartedMain] Tomcat initialized with port(s): 8080 (http)
2022-12-19 11:36:50,876 INFO org.apache.juli.logging.DirectJDKLog [restartedMain] Initializing ProtocolHandler ["http-nio-8080"]
2022-12-19 11:36:50,876 INFO org.apache.juli.logging.DirectJDKLog [restartedMain] Starting service [Tomcat]
2022-12-19 11:36:50,876 INFO org.apache.juli.logging.DirectJDKLog [restartedMain] Starting Servlet engine: [Apache Tomcat/9.0.68]
2022-12-19 11:36:50,901 INFO org.apache.juli.logging.DirectJDKLog [restartedMain] Initializing Spring embedded WebApplicationContext
2022-12-19 11:36:50,901 INFO org.springframework.boot.web.servlet.context.ServletWebServerApplicationContext [restartedMain] Root WebApplicationContext: initialization completed in 604 ms
2022-12-19 11:36:50,976 INFO org.hibernate.jpa.internal.util.LogHelper [restartedMain] HHH000204: Processing PersistenceUnitInfo [name: default]
2022-12-19 11:36:50,997 INFO org.hibernate.Version [restartedMain] HHH000412: Hibernate ORM core version 5.6.12.Final
2022-12-19 11:36:51,055 INFO org.hibernate.annotations.common.reflection.java.JavaReflectionManager [restartedMain] HCANN000001: Hibernate Commons Annotations {5.1.2.Final}
2022-12-19 11:36:51,092 INFO com.zaxxer.hikari.HikariDataSource [restartedMain] HikariPool-1 - Starting...
2022-12-19 11:36:51,229 INFO com.zaxxer.hikari.HikariDataSource [restartedMain] HikariPool-1 - Start completed.
2022-12-19 11:36:51,236 INFO org.hibernate.dialect.Dialect [restartedMain] HHH000400: Using dialect: org.hibernate.dialect.MySQL5Dialect
2022-12-19 11:36:51,710 INFO org.hibernate.engine.transaction.jta.platform.internal.JtaPlatformInitiator [restartedMain] HHH000490: Using JtaPlatform implementation: [org.hibernate.engine.transaction.jta.platform.internal.NoJtaPlatform]
2022-12-19 11:36:51,715 INFO org.springframework.orm.jpa.AbstractEntityManagerFactoryBean [restartedMain] Initialized JPA EntityManagerFactory for persistence unit 'default'
2022-12-19 11:36:52,279 INFO org.springframework.security.web.DefaultSecurityFilterChain [restartedMain] Will secure any request with [org.springframework.security.web.session.DisableEncodeUrlFilter@4bd8fa7e, org.springframework.security.web.context.request.async.WebAsyncManagerIntegrationFilter@324518c9, org.springframework.security.web.context.SecurityContextPersistenceFilter@5c9cd6a3, org.springframework.security.web.header.HeaderWriterFilter@3a043768, org.springframework.security.web.authentication.logout.LogoutFilter@3b453d57, org.springframework.security.web.authentication.UsernamePasswordAuthenticationFilter@696b2e19, org.springframework.security.web.savedrequest.RequestCacheAwareFilter@5d6b5aeb, org.springframework.security.web.servletapi.SecurityContextHolderAwareRequestFilter@61a6208, org.springframework.security.web.authentication.rememberme.RememberMeAuthenticationFilter@58251178, org.springframework.security.web.authentication.AnonymousAuthenticationFilter@429b6128, org.springframework.security.web.session.SessionManagementFilter@289ebaf2, org.springframework.security.web.access.ExceptionTranslationFilter@20483fbc, org.springframework.security.web.access.intercept.AuthorizationFilter@75cad7f4]
2022-12-19 11:36:52,294 WARN org.springframework.boot.autoconfigure.orm.jpa.JpaBaseConfiguration$JpaWebConfiguration [restartedMain] spring.jpa.open-in-view is enabled by default. Therefore, database queries may be performed during view rendering. Explicitly configure spring.jpa.open-in-view to disable this warning
2022-12-19 11:36:52,608 WARN org.springframework.boot.autoconfigure.thymeleaf.ThymeleafAutoConfiguration$DefaultTemplateResolverConfiguration [restartedMain] Cannot find template location: classpath:/templates/ (please add some templates, check your Thymeleaf configuration, or set spring.thymeleaf.check-template-location=false)
2022-12-19 11:36:52,619 INFO org.springframework.boot.devtools.autoconfigure.OptionalLiveReloadServer [restartedMain] LiveReload server is running on port 35729
2022-12-19 11:36:52,629 INFO org.apache.juli.logging.DirectJDKLog [restartedMain] Starting ProtocolHandler ["http-nio-8080"]
2022-12-19 11:36:52,636 INFO org.springframework.boot.web.embedded.tomcat.TomcatWebServer [restartedMain] Tomcat started on port(s): 8080 (http) with context path ''
2022-12-19 11:36:52,643 INFO org.springframework.boot.StartupInfoLogger [restartedMain] Started SpringWebMvcApplication in 2.621 seconds (JVM running for 2.946)
2022-12-19 11:38:05,345 INFO org.springframework.boot.devtools.autoconfigure.LocalDevToolsAutoConfiguration$RestartingClassPathChangeChangedEventListener [File Watcher] Restarting due to 1 class path change (0 additions, 0 deletions, 1 modification)
2022-12-19 11:38:05,356 INFO org.apache.juli.logging.DirectJDKLog [Thread-5] Pausing ProtocolHandler ["http-nio-8080"]
2022-12-19 11:38:05,357 INFO org.apache.juli.logging.DirectJDKLog [Thread-5] Stopping service [Tomcat]
2022-12-19 11:38:05,360 INFO org.apache.juli.logging.DirectJDKLog [Thread-5] Stopping ProtocolHandler ["http-nio-8080"]
2022-12-19 11:38:05,362 INFO org.apache.juli.logging.DirectJDKLog [Thread-5] Destroying ProtocolHandler ["http-nio-8080"]
2022-12-19 11:38:05,367 INFO org.springframework.orm.jpa.AbstractEntityManagerFactoryBean [Thread-5] Closing JPA EntityManagerFactory for persistence unit 'default'
2022-12-19 11:38:05,371 INFO com.zaxxer.hikari.HikariDataSource [Thread-5] HikariPool-1 - Shutdown initiated...
2022-12-19 11:38:05,381 INFO com.zaxxer.hikari.HikariDataSource [Thread-5] HikariPool-1 - Shutdown completed.
2022-12-19 11:38:05,633 INFO org.springframework.boot.StartupInfoLogger [restartedMain] Starting SpringWebMvcApplication using Java 19 on MacBook-Air-cua-tran.local with PID 26894 (/Users/trantruong193/laptrinh/springmvc/springWebMvc/target/classes started by trantruong193 in /Users/trantruong193/laptrinh/springmvc/springWebMvc)
2022-12-19 11:38:05,633 DEBUG org.springframework.boot.StartupInfoLogger [restartedMain] Running with Spring Boot v2.7.5, Spring v5.3.23
2022-12-19 11:38:05,634 INFO org.springframework.boot.SpringApplication [restartedMain] No active profile set, falling back to 1 default profile: "default"
2022-12-19 11:38:05,721 INFO org.springframework.data.repository.config.RepositoryConfigurationDelegate [restartedMain] Bootstrapping Spring Data JPA repositories in DEFAULT mode.
2022-12-19 11:38:05,738 INFO org.springframework.data.repository.config.RepositoryConfigurationDelegate [restartedMain] Finished Spring Data repository scanning in 16 ms. Found 16 JPA repository interfaces.
2022-12-19 11:38:05,804 INFO org.springframework.boot.web.embedded.tomcat.TomcatWebServer [restartedMain] Tomcat initialized with port(s): 8080 (http)
2022-12-19 11:38:05,805 INFO org.apache.juli.logging.DirectJDKLog [restartedMain] Initializing ProtocolHandler ["http-nio-8080"]
2022-12-19 11:38:05,805 INFO org.apache.juli.logging.DirectJDKLog [restartedMain] Starting service [Tomcat]
2022-12-19 11:38:05,805 INFO org.apache.juli.logging.DirectJDKLog [restartedMain] Starting Servlet engine: [Apache Tomcat/9.0.68]
2022-12-19 11:38:05,813 INFO org.apache.juli.logging.DirectJDKLog [restartedMain] Initializing Spring embedded WebApplicationContext
2022-12-19 11:38:05,813 INFO org.springframework.boot.web.servlet.context.ServletWebServerApplicationContext [restartedMain] Root WebApplicationContext: initialization completed in 178 ms
2022-12-19 11:38:05,842 INFO org.hibernate.jpa.internal.util.LogHelper [restartedMain] HHH000204: Processing PersistenceUnitInfo [name: default]
2022-12-19 11:38:05,844 INFO com.zaxxer.hikari.HikariDataSource [restartedMain] HikariPool-2 - Starting...
2022-12-19 11:38:05,863 INFO com.zaxxer.hikari.HikariDataSource [restartedMain] HikariPool-2 - Start completed.
2022-12-19 11:38:05,863 INFO org.hibernate.dialect.Dialect [restartedMain] HHH000400: Using dialect: org.hibernate.dialect.MySQL5Dialect
2022-12-19 11:38:06,067 INFO org.hibernate.engine.transaction.jta.platform.internal.JtaPlatformInitiator [restartedMain] HHH000490: Using JtaPlatform implementation: [org.hibernate.engine.transaction.jta.platform.internal.NoJtaPlatform]
2022-12-19 11:38:06,067 INFO org.springframework.orm.jpa.AbstractEntityManagerFactoryBean [restartedMain] Initialized JPA EntityManagerFactory for persistence unit 'default'
2022-12-19 11:38:06,417 INFO org.springframework.security.web.DefaultSecurityFilterChain [restartedMain] Will secure any request with [org.springframework.security.web.session.DisableEncodeUrlFilter@3f093783, org.springframework.security.web.context.request.async.WebAsyncManagerIntegrationFilter@50e3606d, org.springframework.security.web.context.SecurityContextPersistenceFilter@79e895a, org.springframework.security.web.header.HeaderWriterFilter@65684621, org.springframework.security.web.authentication.logout.LogoutFilter@60790d56, org.springframework.security.web.authentication.UsernamePasswordAuthenticationFilter@1c02f965, org.springframework.security.web.savedrequest.RequestCacheAwareFilter@5acfcb76, org.springframework.security.web.servletapi.SecurityContextHolderAwareRequestFilter@49435ec1, org.springframework.security.web.authentication.rememberme.RememberMeAuthenticationFilter@34b9440e, org.springframework.security.web.authentication.AnonymousAuthenticationFilter@5ba172c5, org.springframework.security.web.session.SessionManagementFilter@78d83e96, org.springframework.security.web.access.ExceptionTranslationFilter@4079bd4a, org.springframework.security.web.access.intercept.AuthorizationFilter@17af154a]
2022-12-19 11:38:06,423 WARN org.springframework.boot.autoconfigure.orm.jpa.JpaBaseConfiguration$JpaWebConfiguration [restartedMain] spring.jpa.open-in-view is enabled by default. Therefore, database queries may be performed during view rendering. Explicitly configure spring.jpa.open-in-view to disable this warning
2022-12-19 11:38:06,528 WARN org.springframework.boot.autoconfigure.thymeleaf.ThymeleafAutoConfiguration$DefaultTemplateResolverConfiguration [restartedMain] Cannot find template location: classpath:/templates/ (please add some templates, check your Thymeleaf configuration, or set spring.thymeleaf.check-template-location=false)
2022-12-19 11:38:06,533 INFO org.springframework.boot.devtools.autoconfigure.OptionalLiveReloadServer [restartedMain] LiveReload server is running on port 35729
2022-12-19 11:38:06,540 INFO org.apache.juli.logging.DirectJDKLog [restartedMain] Starting ProtocolHandler ["http-nio-8080"]
2022-12-19 11:38:06,541 INFO org.springframework.boot.web.embedded.tomcat.TomcatWebServer [restartedMain] Tomcat started on port(s): 8080 (http) with context path ''
2022-12-19 11:38:06,543 INFO org.springframework.boot.StartupInfoLogger [restartedMain] Started SpringWebMvcApplication in 1.101 seconds (JVM running for 76.848)
2022-12-19 11:38:06,544 INFO org.springframework.boot.devtools.autoconfigure.ConditionEvaluationDeltaLoggingListener [restartedMain] Condition evaluation unchanged
2022-12-19 11:38:17,956 INFO org.springframework.orm.jpa.AbstractEntityManagerFactoryBean [SpringApplicationShutdownHook] Closing JPA EntityManagerFactory for persistence unit 'default'
2022-12-19 11:38:17,956 INFO com.zaxxer.hikari.HikariDataSource [SpringApplicationShutdownHook] HikariPool-2 - Shutdown initiated...
2022-12-19 11:38:17,958 INFO com.zaxxer.hikari.HikariDataSource [SpringApplicationShutdownHook] HikariPool-2 - Shutdown completed.
2022-12-19 11:38:19,605 INFO org.hibernate.validator.internal.util.Version [background-preinit] HV000001: Hibernate Validator 6.2.5.Final
2022-12-19 11:38:19,608 INFO org.springframework.boot.StartupInfoLogger [restartedMain] Starting SpringWebMvcApplication using Java 19 on MacBook-Air-cua-tran.local with PID 26909 (/Users/trantruong193/laptrinh/springmvc/springWebMvc/target/classes started by trantruong193 in /Users/trantruong193/laptrinh/springmvc/springWebMvc)
2022-12-19 11:38:19,608 DEBUG org.springframework.boot.StartupInfoLogger [restartedMain] Running with Spring Boot v2.7.5, Spring v5.3.23
2022-12-19 11:38:19,608 INFO org.springframework.boot.SpringApplication [restartedMain] No active profile set, falling back to 1 default profile: "default"
2022-12-19 11:38:19,693 INFO org.springframework.boot.logging.DeferredLog [restartedMain] Devtools property defaults active! Set 'spring.devtools.add-properties' to 'false' to disable
2022-12-19 11:38:19,694 INFO org.springframework.boot.logging.DeferredLog [restartedMain] For additional web related logging consider setting the 'logging.level.web' property to 'DEBUG'
2022-12-19 11:38:19,962 INFO org.springframework.data.repository.config.RepositoryConfigurationDelegate [restartedMain] Bootstrapping Spring Data JPA repositories in DEFAULT mode.
2022-12-19 11:38:19,997 INFO org.springframework.data.repository.config.RepositoryConfigurationDelegate [restartedMain] Finished Spring Data repository scanning in 31 ms. Found 16 JPA repository interfaces.
2022-12-19 11:38:20,260 INFO org.springframework.boot.web.embedded.tomcat.TomcatWebServer [restartedMain] Tomcat initialized with port(s): 8080 (http)
2022-12-19 11:38:20,264 INFO org.apache.juli.logging.DirectJDKLog [restartedMain] Initializing ProtocolHandler ["http-nio-8080"]
2022-12-19 11:38:20,264 INFO org.apache.juli.logging.DirectJDKLog [restartedMain] Starting service [Tomcat]
2022-12-19 11:38:20,264 INFO org.apache.juli.logging.DirectJDKLog [restartedMain] Starting Servlet engine: [Apache Tomcat/9.0.68]
2022-12-19 11:38:20,289 INFO org.apache.juli.logging.DirectJDKLog [restartedMain] Initializing Spring embedded WebApplicationContext
2022-12-19 11:38:20,289 INFO org.springframework.boot.web.servlet.context.ServletWebServerApplicationContext [restartedMain] Root WebApplicationContext: initialization completed in 595 ms
2022-12-19 11:38:20,364 INFO org.hibernate.jpa.internal.util.LogHelper [restartedMain] HHH000204: Processing PersistenceUnitInfo [name: default]
2022-12-19 11:38:20,384 INFO org.hibernate.Version [restartedMain] HHH000412: Hibernate ORM core version 5.6.12.Final
2022-12-19 11:38:20,444 INFO org.hibernate.annotations.common.reflection.java.JavaReflectionManager [restartedMain] HCANN000001: Hibernate Commons Annotations {5.1.2.Final}
2022-12-19 11:38:20,482 INFO com.zaxxer.hikari.HikariDataSource [restartedMain] HikariPool-1 - Starting...
2022-12-19 11:38:20,624 INFO com.zaxxer.hikari.HikariDataSource [restartedMain] HikariPool-1 - Start completed.
2022-12-19 11:38:20,632 INFO org.hibernate.dialect.Dialect [restartedMain] HHH000400: Using dialect: org.hibernate.dialect.MySQL5Dialect
2022-12-19 11:38:21,104 INFO org.hibernate.engine.transaction.jta.platform.internal.JtaPlatformInitiator [restartedMain] HHH000490: Using JtaPlatform implementation: [org.hibernate.engine.transaction.jta.platform.internal.NoJtaPlatform]
2022-12-19 11:38:21,110 INFO org.springframework.orm.jpa.AbstractEntityManagerFactoryBean [restartedMain] Initialized JPA EntityManagerFactory for persistence unit 'default'
2022-12-19 11:38:21,645 INFO org.springframework.security.web.DefaultSecurityFilterChain [restartedMain] Will secure any request with [org.springframework.security.web.session.DisableEncodeUrlFilter@76a87b1e, org.springframework.security.web.context.request.async.WebAsyncManagerIntegrationFilter@135dfad9, org.springframework.security.web.context.SecurityContextPersistenceFilter@5ffa4c90, org.springframework.security.web.header.HeaderWriterFilter@707da7e1, org.springframework.security.web.authentication.logout.LogoutFilter@37526e09, org.springframework.security.web.authentication.UsernamePasswordAuthenticationFilter@2922a803, org.springframework.security.web.savedrequest.RequestCacheAwareFilter@10ce6ed0, org.springframework.security.web.servletapi.SecurityContextHolderAwareRequestFilter@20d29065, org.springframework.security.web.authentication.rememberme.RememberMeAuthenticationFilter@3e72356b, org.springframework.security.web.authentication.AnonymousAuthenticationFilter@3c2b5cb4, org.springframework.security.web.session.SessionManagementFilter@37c4eb19, org.springframework.security.web.access.ExceptionTranslationFilter@2c9534df, org.springframework.security.web.access.intercept.AuthorizationFilter@732cacb0]
2022-12-19 11:38:21,660 WARN org.springframework.boot.autoconfigure.orm.jpa.JpaBaseConfiguration$JpaWebConfiguration [restartedMain] spring.jpa.open-in-view is enabled by default. Therefore, database queries may be performed during view rendering. Explicitly configure spring.jpa.open-in-view to disable this warning
2022-12-19 11:38:21,963 WARN org.springframework.boot.autoconfigure.thymeleaf.ThymeleafAutoConfiguration$DefaultTemplateResolverConfiguration [restartedMain] Cannot find template location: classpath:/templates/ (please add some templates, check your Thymeleaf configuration, or set spring.thymeleaf.check-template-location=false)
2022-12-19 11:38:21,974 INFO org.springframework.boot.devtools.autoconfigure.OptionalLiveReloadServer [restartedMain] LiveReload server is running on port 35729
2022-12-19 11:38:21,984 INFO org.apache.juli.logging.DirectJDKLog [restartedMain] Starting ProtocolHandler ["http-nio-8080"]
2022-12-19 11:38:21,992 INFO org.springframework.boot.web.embedded.tomcat.TomcatWebServer [restartedMain] Tomcat started on port(s): 8080 (http) with context path ''
2022-12-19 11:38:22,000 INFO org.springframework.boot.StartupInfoLogger [restartedMain] Started SpringWebMvcApplication in 2.564 seconds (JVM running for 2.883)
2022-12-19 11:39:11,260 INFO org.springframework.orm.jpa.AbstractEntityManagerFactoryBean [SpringApplicationShutdownHook] Closing JPA EntityManagerFactory for persistence unit 'default'
2022-12-19 11:39:11,263 INFO com.zaxxer.hikari.HikariDataSource [SpringApplicationShutdownHook] HikariPool-1 - Shutdown initiated...
2022-12-19 11:39:11,267 INFO com.zaxxer.hikari.HikariDataSource [SpringApplicationShutdownHook] HikariPool-1 - Shutdown completed.
2022-12-19 11:39:12,801 INFO org.hibernate.validator.internal.util.Version [background-preinit] HV000001: Hibernate Validator 6.2.5.Final
2022-12-19 11:39:12,804 INFO org.springframework.boot.StartupInfoLogger [restartedMain] Starting SpringWebMvcApplication using Java 19 on MacBook-Air-cua-tran.local with PID 26917 (/Users/trantruong193/laptrinh/springmvc/springWebMvc/target/classes started by trantruong193 in /Users/trantruong193/laptrinh/springmvc/springWebMvc)
2022-12-19 11:39:12,804 DEBUG org.springframework.boot.StartupInfoLogger [restartedMain] Running with Spring Boot v2.7.5, Spring v5.3.23
2022-12-19 11:39:12,804 INFO org.springframework.boot.SpringApplication [restartedMain] No active profile set, falling back to 1 default profile: "default"
2022-12-19 11:39:12,891 INFO org.springframework.boot.logging.DeferredLog [restartedMain] Devtools property defaults active! Set 'spring.devtools.add-properties' to 'false' to disable
2022-12-19 11:39:12,891 INFO org.springframework.boot.logging.DeferredLog [restartedMain] For additional web related logging consider setting the 'logging.level.web' property to 'DEBUG'
2022-12-19 11:39:13,167 INFO org.springframework.data.repository.config.RepositoryConfigurationDelegate [restartedMain] Bootstrapping Spring Data JPA repositories in DEFAULT mode.
2022-12-19 11:39:13,202 INFO org.springframework.data.repository.config.RepositoryConfigurationDelegate [restartedMain] Finished Spring Data repository scanning in 32 ms. Found 16 JPA repository interfaces.
2022-12-19 11:39:13,476 INFO org.springframework.boot.web.embedded.tomcat.TomcatWebServer [restartedMain] Tomcat initialized with port(s): 8080 (http)
2022-12-19 11:39:13,480 INFO org.apache.juli.logging.DirectJDKLog [restartedMain] Initializing ProtocolHandler ["http-nio-8080"]
2022-12-19 11:39:13,481 INFO org.apache.juli.logging.DirectJDKLog [restartedMain] Starting service [Tomcat]
2022-12-19 11:39:13,481 INFO org.apache.juli.logging.DirectJDKLog [restartedMain] Starting Servlet engine: [Apache Tomcat/9.0.68]
2022-12-19 11:39:13,505 INFO org.apache.juli.logging.DirectJDKLog [restartedMain] Initializing Spring embedded WebApplicationContext
2022-12-19 11:39:13,505 INFO org.springframework.boot.web.servlet.context.ServletWebServerApplicationContext [restartedMain] Root WebApplicationContext: initialization completed in 613 ms
