2023-01-03 11:12:02,466 INFO org.hibernate.validator.internal.util.Version [background-preinit] HV000001: Hibernate Validator 6.2.5.Final
2023-01-03 11:12:02,466 INFO org.springframework.boot.StartupInfoLogger [restartedMain] Starting SpringWebMvcApplication using Java 19 on MacBook-Air-cua-tran.local with PID 9584 (/Users/trantruong193/laptrinh/springmvc/springWebMvc/target/classes started by trantruong193 in /Users/trantruong193/laptrinh/springmvc/springWebMvc)
2023-01-03 11:12:02,467 DEBUG org.springframework.boot.StartupInfoLogger [restartedMain] Running with Spring Boot v2.7.5, Spring v5.3.23
2023-01-03 11:12:02,467 INFO org.springframework.boot.SpringApplication [restartedMain] No active profile set, falling back to 1 default profile: "default"
2023-01-03 11:12:02,559 INFO org.springframework.boot.logging.DeferredLog [restartedMain] Devtools property defaults active! Set 'spring.devtools.add-properties' to 'false' to disable
2023-01-03 11:12:02,559 INFO org.springframework.boot.logging.DeferredLog [restartedMain] For additional web related logging consider setting the 'logging.level.web' property to 'DEBUG'
2023-01-03 11:12:02,912 INFO org.springframework.data.repository.config.RepositoryConfigurationDelegate [restartedMain] Bootstrapping Spring Data JPA repositories in DEFAULT mode.
2023-01-03 11:12:02,961 INFO org.springframework.data.repository.config.RepositoryConfigurationDelegate [restartedMain] Finished Spring Data repository scanning in 44 ms. Found 19 JPA repository interfaces.
2023-01-03 11:12:03,390 INFO org.springframework.boot.web.embedded.tomcat.TomcatWebServer [restartedMain] Tomcat initialized with port(s): 8080 (http)
2023-01-03 11:12:03,395 INFO org.apache.juli.logging.DirectJDKLog [restartedMain] Initializing ProtocolHandler ["http-nio-8080"]
2023-01-03 11:12:03,395 INFO org.apache.juli.logging.DirectJDKLog [restartedMain] Starting service [Tomcat]
2023-01-03 11:12:03,395 INFO org.apache.juli.logging.DirectJDKLog [restartedMain] Starting Servlet engine: [Apache Tomcat/9.0.68]
2023-01-03 11:12:03,429 INFO org.apache.juli.logging.DirectJDKLog [restartedMain] Initializing Spring embedded WebApplicationContext
2023-01-03 11:12:03,430 INFO org.springframework.boot.web.servlet.context.ServletWebServerApplicationContext [restartedMain] Root WebApplicationContext: initialization completed in 870 ms
2023-01-03 11:12:03,547 INFO org.hibernate.jpa.internal.util.LogHelper [restartedMain] HHH000204: Processing PersistenceUnitInfo [name: default]
2023-01-03 11:12:03,569 INFO org.hibernate.Version [restartedMain] HHH000412: Hibernate ORM core version 5.6.12.Final
2023-01-03 11:12:03,645 INFO org.hibernate.annotations.common.reflection.java.JavaReflectionManager [restartedMain] HCANN000001: Hibernate Commons Annotations {5.1.2.Final}
2023-01-03 11:12:03,689 INFO com.zaxxer.hikari.HikariDataSource [restartedMain] HikariPool-1 - Starting...
2023-01-03 11:12:03,878 INFO com.zaxxer.hikari.HikariDataSource [restartedMain] HikariPool-1 - Start completed.
2023-01-03 11:12:03,886 INFO org.hibernate.dialect.Dialect [restartedMain] HHH000400: Using dialect: org.hibernate.dialect.MySQL5Dialect
2023-01-03 11:12:04,463 INFO org.hibernate.engine.transaction.jta.platform.internal.JtaPlatformInitiator [restartedMain] HHH000490: Using JtaPlatform implementation: [org.hibernate.engine.transaction.jta.platform.internal.NoJtaPlatform]
2023-01-03 11:12:04,467 INFO org.springframework.orm.jpa.AbstractEntityManagerFactoryBean [restartedMain] Initialized JPA EntityManagerFactory for persistence unit 'default'
2023-01-03 11:12:05,167 INFO org.springframework.security.web.DefaultSecurityFilterChain [restartedMain] Will secure any request with [org.springframework.security.web.session.DisableEncodeUrlFilter@5c1f856a, org.springframework.security.web.context.request.async.WebAsyncManagerIntegrationFilter@32a13bb4, org.springframework.security.web.context.SecurityContextPersistenceFilter@16cc2b09, org.springframework.security.web.header.HeaderWriterFilter@872b480, org.springframework.security.web.authentication.logout.LogoutFilter@577b7342, org.springframework.security.oauth2.client.web.OAuth2AuthorizationRequestRedirectFilter@28e03296, org.springframework.security.oauth2.client.web.OAuth2LoginAuthenticationFilter@2b97cea5, org.springframework.security.web.authentication.UsernamePasswordAuthenticationFilter@70ba161, org.springframework.security.web.savedrequest.RequestCacheAwareFilter@6f6219d3, org.springframework.security.web.servletapi.SecurityContextHolderAwareRequestFilter@708c3312, org.springframework.security.web.authentication.rememberme.RememberMeAuthenticationFilter@50be086c, org.springframework.security.web.authentication.AnonymousAuthenticationFilter@423446ef, org.springframework.security.web.session.SessionManagementFilter@2b00fa82, org.springframework.security.web.access.ExceptionTranslationFilter@5f8fce66, org.springframework.security.web.access.intercept.AuthorizationFilter@4a2270bd]
2023-01-03 11:12:05,190 WARN org.springframework.boot.autoconfigure.orm.jpa.JpaBaseConfiguration$JpaWebConfiguration [restartedMain] spring.jpa.open-in-view is enabled by default. Therefore, database queries may be performed during view rendering. Explicitly configure spring.jpa.open-in-view to disable this warning
2023-01-03 11:12:05,602 WARN org.springframework.boot.autoconfigure.thymeleaf.ThymeleafAutoConfiguration$DefaultTemplateResolverConfiguration [restartedMain] Cannot find template location: classpath:/templates/ (please add some templates, check your Thymeleaf configuration, or set spring.thymeleaf.check-template-location=false)
2023-01-03 11:12:05,620 INFO org.springframework.boot.devtools.autoconfigure.OptionalLiveReloadServer [restartedMain] LiveReload server is running on port 35729
2023-01-03 11:12:05,633 INFO org.apache.juli.logging.DirectJDKLog [restartedMain] Starting ProtocolHandler ["http-nio-8080"]
2023-01-03 11:12:05,640 INFO org.springframework.boot.web.embedded.tomcat.TomcatWebServer [restartedMain] Tomcat started on port(s): 8080 (http) with context path ''
2023-01-03 11:12:05,647 INFO org.springframework.boot.StartupInfoLogger [restartedMain] Started SpringWebMvcApplication in 3.364 seconds (JVM running for 3.966)
2023-01-03 11:12:10,931 INFO org.apache.juli.logging.DirectJDKLog [http-nio-8080-exec-1] Initializing Spring DispatcherServlet 'dispatcherServlet'
2023-01-03 11:12:10,931 INFO org.springframework.web.servlet.FrameworkServlet [http-nio-8080-exec-1] Initializing Servlet 'dispatcherServlet'
2023-01-03 11:12:10,932 INFO org.springframework.web.servlet.FrameworkServlet [http-nio-8080-exec-1] Completed initialization in 1 ms
2023-01-03 11:12:10,951 WARN org.springframework.web.servlet.DispatcherServlet [http-nio-8080-exec-1] No mapping for GET /
2023-01-03 11:13:11,522 INFO org.springframework.orm.jpa.AbstractEntityManagerFactoryBean [SpringApplicationShutdownHook] Closing JPA EntityManagerFactory for persistence unit 'default'
2023-01-03 11:13:11,533 INFO com.zaxxer.hikari.HikariDataSource [SpringApplicationShutdownHook] HikariPool-1 - Shutdown initiated...
2023-01-03 11:13:11,537 INFO com.zaxxer.hikari.HikariDataSource [SpringApplicationShutdownHook] HikariPool-1 - Shutdown completed.
2023-01-03 14:47:13,970 INFO org.hibernate.validator.internal.util.Version [background-preinit] HV000001: Hibernate Validator 6.2.5.Final
2023-01-03 14:47:13,972 INFO org.springframework.boot.StartupInfoLogger [restartedMain] Starting SpringWebMvcApplication using Java 19 on MacBook-Air-cua-tran.local with PID 10434 (/Users/trantruong193/laptrinh/springmvc/springWebMvc/target/classes started by trantruong193 in /Users/trantruong193/laptrinh/springmvc/springWebMvc)
2023-01-03 14:47:13,972 DEBUG org.springframework.boot.StartupInfoLogger [restartedMain] Running with Spring Boot v2.7.5, Spring v5.3.23
2023-01-03 14:47:13,972 INFO org.springframework.boot.SpringApplication [restartedMain] No active profile set, falling back to 1 default profile: "default"
2023-01-03 14:47:14,281 INFO org.springframework.boot.logging.DeferredLog [restartedMain] Devtools property defaults active! Set 'spring.devtools.add-properties' to 'false' to disable
2023-01-03 14:47:14,281 INFO org.springframework.boot.logging.DeferredLog [restartedMain] For additional web related logging consider setting the 'logging.level.web' property to 'DEBUG'
2023-01-03 14:47:14,859 INFO org.springframework.data.repository.config.RepositoryConfigurationDelegate [restartedMain] Bootstrapping Spring Data JPA repositories in DEFAULT mode.
2023-01-03 14:47:14,929 INFO org.springframework.data.repository.config.RepositoryConfigurationDelegate [restartedMain] Finished Spring Data repository scanning in 65 ms. Found 19 JPA repository interfaces.
2023-01-03 14:47:15,731 INFO org.springframework.boot.web.embedded.tomcat.TomcatWebServer [restartedMain] Tomcat initialized with port(s): 8080 (http)
2023-01-03 14:47:15,736 INFO org.apache.juli.logging.DirectJDKLog [restartedMain] Initializing ProtocolHandler ["http-nio-8080"]
2023-01-03 14:47:15,737 INFO org.apache.juli.logging.DirectJDKLog [restartedMain] Starting service [Tomcat]
2023-01-03 14:47:15,737 INFO org.apache.juli.logging.DirectJDKLog [restartedMain] Starting Servlet engine: [Apache Tomcat/9.0.68]
2023-01-03 14:47:15,783 INFO org.apache.juli.logging.DirectJDKLog [restartedMain] Initializing Spring embedded WebApplicationContext
2023-01-03 14:47:15,783 INFO org.springframework.boot.web.servlet.context.ServletWebServerApplicationContext [restartedMain] Root WebApplicationContext: initialization completed in 1501 ms
2023-01-03 14:47:15,941 INFO org.hibernate.jpa.internal.util.LogHelper [restartedMain] HHH000204: Processing PersistenceUnitInfo [name: default]
2023-01-03 14:47:15,983 INFO org.hibernate.Version [restartedMain] HHH000412: Hibernate ORM core version 5.6.12.Final
2023-01-03 14:47:16,077 INFO org.hibernate.annotations.common.reflection.java.JavaReflectionManager [restartedMain] HCANN000001: Hibernate Commons Annotations {5.1.2.Final}
2023-01-03 14:47:16,137 INFO com.zaxxer.hikari.HikariDataSource [restartedMain] HikariPool-1 - Starting...
2023-01-03 14:47:16,412 INFO com.zaxxer.hikari.HikariDataSource [restartedMain] HikariPool-1 - Start completed.
2023-01-03 14:47:16,422 INFO org.hibernate.dialect.Dialect [restartedMain] HHH000400: Using dialect: org.hibernate.dialect.MySQL5Dialect
2023-01-03 14:47:17,207 INFO org.hibernate.engine.transaction.jta.platform.internal.JtaPlatformInitiator [restartedMain] HHH000490: Using JtaPlatform implementation: [org.hibernate.engine.transaction.jta.platform.internal.NoJtaPlatform]
2023-01-03 14:47:17,213 INFO org.springframework.orm.jpa.AbstractEntityManagerFactoryBean [restartedMain] Initialized JPA EntityManagerFactory for persistence unit 'default'
2023-01-03 14:47:17,938 INFO org.springframework.security.web.DefaultSecurityFilterChain [restartedMain] Will secure any request with [org.springframework.security.web.session.DisableEncodeUrlFilter@2adaea49, org.springframework.security.web.context.request.async.WebAsyncManagerIntegrationFilter@2e356b24, org.springframework.security.web.context.SecurityContextPersistenceFilter@39dd90d0, org.springframework.security.web.header.HeaderWriterFilter@40c8dab2, org.springframework.security.web.authentication.logout.LogoutFilter@872b480, org.springframework.security.oauth2.client.web.OAuth2AuthorizationRequestRedirectFilter@2059eaf, org.springframework.security.oauth2.client.web.OAuth2LoginAuthenticationFilter@70ba161, org.springframework.security.web.authentication.UsernamePasswordAuthenticationFilter@708c3312, org.springframework.security.web.savedrequest.RequestCacheAwareFilter@25b29b69, org.springframework.security.web.servletapi.SecurityContextHolderAwareRequestFilter@13632f9f, org.springframework.security.web.authentication.rememberme.RememberMeAuthenticationFilter@70805d91, org.springframework.security.web.authentication.AnonymousAuthenticationFilter@724ed060, org.springframework.security.web.session.SessionManagementFilter@15817806, org.springframework.security.web.access.ExceptionTranslationFilter@4e818988, org.springframework.security.web.access.intercept.AuthorizationFilter@7d92bee1]
2023-01-03 14:47:17,960 WARN org.springframework.boot.autoconfigure.orm.jpa.JpaBaseConfiguration$JpaWebConfiguration [restartedMain] spring.jpa.open-in-view is enabled by default. Therefore, database queries may be performed during view rendering. Explicitly configure spring.jpa.open-in-view to disable this warning
2023-01-03 14:47:18,366 WARN org.springframework.boot.autoconfigure.thymeleaf.ThymeleafAutoConfiguration$DefaultTemplateResolverConfiguration [restartedMain] Cannot find template location: classpath:/templates/ (please add some templates, check your Thymeleaf configuration, or set spring.thymeleaf.check-template-location=false)
2023-01-03 14:47:18,384 INFO org.springframework.boot.devtools.autoconfigure.OptionalLiveReloadServer [restartedMain] LiveReload server is running on port 35729
2023-01-03 14:47:18,398 INFO org.apache.juli.logging.DirectJDKLog [restartedMain] Starting ProtocolHandler ["http-nio-8080"]
2023-01-03 14:47:18,405 INFO org.springframework.boot.web.embedded.tomcat.TomcatWebServer [restartedMain] Tomcat started on port(s): 8080 (http) with context path ''
2023-01-03 14:47:18,413 INFO org.springframework.boot.StartupInfoLogger [restartedMain] Started SpringWebMvcApplication in 4.758 seconds (JVM running for 5.271)
2023-01-03 14:48:51,822 INFO org.apache.juli.logging.DirectJDKLog [http-nio-8080-exec-1] Initializing Spring DispatcherServlet 'dispatcherServlet'
2023-01-03 14:48:51,822 INFO org.springframework.web.servlet.FrameworkServlet [http-nio-8080-exec-1] Initializing Servlet 'dispatcherServlet'
2023-01-03 14:48:51,825 INFO org.springframework.web.servlet.FrameworkServlet [http-nio-8080-exec-1] Completed initialization in 3 ms
2023-01-03 14:57:21,939 INFO org.springframework.orm.jpa.AbstractEntityManagerFactoryBean [SpringApplicationShutdownHook] Closing JPA EntityManagerFactory for persistence unit 'default'
2023-01-03 14:57:21,948 INFO com.zaxxer.hikari.HikariDataSource [SpringApplicationShutdownHook] HikariPool-1 - Shutdown initiated...
2023-01-03 14:57:21,952 INFO com.zaxxer.hikari.HikariDataSource [SpringApplicationShutdownHook] HikariPool-1 - Shutdown completed.
