2022-12-19 11:39:13,585 INFO org.hibernate.jpa.internal.util.LogHelper [restartedMain] HHH000204: Processing PersistenceUnitInfo [name: default]
2022-12-19 11:39:13,608 INFO org.hibernate.Version [restartedMain] HHH000412: Hibernate ORM core version 5.6.12.Final
2022-12-19 11:39:13,670 INFO org.hibernate.annotations.common.reflection.java.JavaReflectionManager [restartedMain] HCANN000001: Hibernate Commons Annotations {5.1.2.Final}
2022-12-19 11:39:13,713 INFO com.zaxxer.hikari.HikariDataSource [restartedMain] HikariPool-1 - Starting...
2022-12-19 11:39:13,851 INFO com.zaxxer.hikari.HikariDataSource [restartedMain] HikariPool-1 - Start completed.
2022-12-19 11:39:13,858 INFO org.hibernate.dialect.Dialect [restartedMain] HHH000400: Using dialect: org.hibernate.dialect.MySQL5Dialect
2022-12-19 11:39:14,340 INFO org.hibernate.engine.transaction.jta.platform.internal.JtaPlatformInitiator [restartedMain] HHH000490: Using JtaPlatform implementation: [org.hibernate.engine.transaction.jta.platform.internal.NoJtaPlatform]
2022-12-19 11:39:14,344 INFO org.springframework.orm.jpa.AbstractEntityManagerFactoryBean [restartedMain] Initialized JPA EntityManagerFactory for persistence unit 'default'
2022-12-19 11:39:14,933 INFO org.springframework.security.web.DefaultSecurityFilterChain [restartedMain] Will secure any request with [org.springframework.security.web.session.DisableEncodeUrlFilter@308b5cff, org.springframework.security.web.context.request.async.WebAsyncManagerIntegrationFilter@5e9bfb84, org.springframework.security.web.context.SecurityContextPersistenceFilter@63847c3a, org.springframework.security.web.header.HeaderWriterFilter@429b6128, org.springframework.security.web.authentication.logout.LogoutFilter@1f8839f5, org.springframework.security.web.authentication.UsernamePasswordAuthenticationFilter@776e288c, org.springframework.security.web.savedrequest.RequestCacheAwareFilter@2acf78d, org.springframework.security.web.servletapi.SecurityContextHolderAwareRequestFilter@7ed7fb33, org.springframework.security.web.authentication.rememberme.RememberMeAuthenticationFilter@7d9db690, org.springframework.security.web.authentication.AnonymousAuthenticationFilter@4ea2eff1, org.springframework.security.web.session.SessionManagementFilter@2dcbb829, org.springframework.security.web.access.ExceptionTranslationFilter@5169aa8e, org.springframework.security.web.access.intercept.AuthorizationFilter@4b70003c]
2022-12-19 11:39:14,952 WARN org.springframework.boot.autoconfigure.orm.jpa.JpaBaseConfiguration$JpaWebConfiguration [restartedMain] spring.jpa.open-in-view is enabled by default. Therefore, database queries may be performed during view rendering. Explicitly configure spring.jpa.open-in-view to disable this warning
2022-12-19 11:39:15,260 WARN org.springframework.boot.autoconfigure.thymeleaf.ThymeleafAutoConfiguration$DefaultTemplateResolverConfiguration [restartedMain] Cannot find template location: classpath:/templates/ (please add some templates, check your Thymeleaf configuration, or set spring.thymeleaf.check-template-location=false)
2022-12-19 11:39:15,271 INFO org.springframework.boot.devtools.autoconfigure.OptionalLiveReloadServer [restartedMain] LiveReload server is running on port 35729
2022-12-19 11:39:15,282 INFO org.apache.juli.logging.DirectJDKLog [restartedMain] Starting ProtocolHandler ["http-nio-8080"]
2022-12-19 11:39:15,289 INFO org.springframework.boot.web.embedded.tomcat.TomcatWebServer [restartedMain] Tomcat started on port(s): 8080 (http) with context path ''
2022-12-19 11:39:15,295 INFO org.springframework.boot.StartupInfoLogger [restartedMain] Started SpringWebMvcApplication in 2.678 seconds (JVM running for 2.992)
2022-12-19 11:39:32,589 INFO org.springframework.orm.jpa.AbstractEntityManagerFactoryBean [SpringApplicationShutdownHook] Closing JPA EntityManagerFactory for persistence unit 'default'
2022-12-19 11:39:32,590 INFO com.zaxxer.hikari.HikariDataSource [SpringApplicationShutdownHook] HikariPool-1 - Shutdown initiated...
2022-12-19 11:39:32,594 INFO com.zaxxer.hikari.HikariDataSource [SpringApplicationShutdownHook] HikariPool-1 - Shutdown completed.
2022-12-19 11:39:34,325 INFO org.hibernate.validator.internal.util.Version [background-preinit] HV000001: Hibernate Validator 6.2.5.Final
2022-12-19 11:39:34,328 INFO org.springframework.boot.StartupInfoLogger [restartedMain] Starting SpringWebMvcApplication using Java 19 on MacBook-Air-cua-tran.local with PID 26925 (/Users/trantruong193/laptrinh/springmvc/springWebMvc/target/classes started by trantruong193 in /Users/trantruong193/laptrinh/springmvc/springWebMvc)
2022-12-19 11:39:34,328 DEBUG org.springframework.boot.StartupInfoLogger [restartedMain] Running with Spring Boot v2.7.5, Spring v5.3.23
2022-12-19 11:39:34,329 INFO org.springframework.boot.SpringApplication [restartedMain] No active profile set, falling back to 1 default profile: "default"
2022-12-19 11:39:34,423 INFO org.springframework.boot.logging.DeferredLog [restartedMain] Devtools property defaults active! Set 'spring.devtools.add-properties' to 'false' to disable
2022-12-19 11:39:34,423 INFO org.springframework.boot.logging.DeferredLog [restartedMain] For additional web related logging consider setting the 'logging.level.web' property to 'DEBUG'
2022-12-19 11:39:34,724 INFO org.springframework.data.repository.config.RepositoryConfigurationDelegate [restartedMain] Bootstrapping Spring Data JPA repositories in DEFAULT mode.
2022-12-19 11:39:34,764 INFO org.springframework.data.repository.config.RepositoryConfigurationDelegate [restartedMain] Finished Spring Data repository scanning in 37 ms. Found 16 JPA repository interfaces.
2022-12-19 11:39:35,083 INFO org.springframework.boot.web.embedded.tomcat.TomcatWebServer [restartedMain] Tomcat initialized with port(s): 8080 (http)
2022-12-19 11:39:35,088 INFO org.apache.juli.logging.DirectJDKLog [restartedMain] Initializing ProtocolHandler ["http-nio-8080"]
2022-12-19 11:39:35,088 INFO org.apache.juli.logging.DirectJDKLog [restartedMain] Starting service [Tomcat]
2022-12-19 11:39:35,088 INFO org.apache.juli.logging.DirectJDKLog [restartedMain] Starting Servlet engine: [Apache Tomcat/9.0.68]
2022-12-19 11:39:35,116 INFO org.apache.juli.logging.DirectJDKLog [restartedMain] Initializing Spring embedded WebApplicationContext
2022-12-19 11:39:35,117 INFO org.springframework.boot.web.servlet.context.ServletWebServerApplicationContext [restartedMain] Root WebApplicationContext: initialization completed in 694 ms
2022-12-19 11:39:35,192 INFO org.hibernate.jpa.internal.util.LogHelper [restartedMain] HHH000204: Processing PersistenceUnitInfo [name: default]
2022-12-19 11:39:35,214 INFO org.hibernate.Version [restartedMain] HHH000412: Hibernate ORM core version 5.6.12.Final
2022-12-19 11:39:35,280 INFO org.hibernate.annotations.common.reflection.java.JavaReflectionManager [restartedMain] HCANN000001: Hibernate Commons Annotations {5.1.2.Final}
2022-12-19 11:39:35,326 INFO com.zaxxer.hikari.HikariDataSource [restartedMain] HikariPool-1 - Starting...
2022-12-19 11:39:35,481 INFO com.zaxxer.hikari.HikariDataSource [restartedMain] HikariPool-1 - Start completed.
2022-12-19 11:39:35,489 INFO org.hibernate.dialect.Dialect [restartedMain] HHH000400: Using dialect: org.hibernate.dialect.MySQL5Dialect
2022-12-19 11:39:36,022 INFO org.hibernate.engine.transaction.jta.platform.internal.JtaPlatformInitiator [restartedMain] HHH000490: Using JtaPlatform implementation: [org.hibernate.engine.transaction.jta.platform.internal.NoJtaPlatform]
2022-12-19 11:39:36,026 INFO org.springframework.orm.jpa.AbstractEntityManagerFactoryBean [restartedMain] Initialized JPA EntityManagerFactory for persistence unit 'default'
2022-12-19 11:39:36,647 INFO org.springframework.security.web.DefaultSecurityFilterChain [restartedMain] Will secure any request with [org.springframework.security.web.session.DisableEncodeUrlFilter@5aad2887, org.springframework.security.web.context.request.async.WebAsyncManagerIntegrationFilter@252a94e7, org.springframework.security.web.context.SecurityContextPersistenceFilter@9990b05, org.springframework.security.web.header.HeaderWriterFilter@5b084ac4, org.springframework.security.web.authentication.logout.LogoutFilter@4e7b92d1, org.springframework.security.web.authentication.UsernamePasswordAuthenticationFilter@3ae79742, org.springframework.security.web.savedrequest.RequestCacheAwareFilter@31ffa08b, org.springframework.security.web.servletapi.SecurityContextHolderAwareRequestFilter@41a7089d, org.springframework.security.web.authentication.rememberme.RememberMeAuthenticationFilter@2f276ab5, org.springframework.security.web.authentication.AnonymousAuthenticationFilter@31cc2035, org.springframework.security.web.session.SessionManagementFilter@75db8010, org.springframework.security.web.access.ExceptionTranslationFilter@6b5d776c, org.springframework.security.web.access.intercept.AuthorizationFilter@6c43ec29]
2022-12-19 11:39:36,661 WARN org.springframework.boot.autoconfigure.orm.jpa.JpaBaseConfiguration$JpaWebConfiguration [restartedMain] spring.jpa.open-in-view is enabled by default. Therefore, database queries may be performed during view rendering. Explicitly configure spring.jpa.open-in-view to disable this warning
2022-12-19 11:39:36,997 WARN org.springframework.boot.autoconfigure.thymeleaf.ThymeleafAutoConfiguration$DefaultTemplateResolverConfiguration [restartedMain] Cannot find template location: classpath:/templates/ (please add some templates, check your Thymeleaf configuration, or set spring.thymeleaf.check-template-location=false)
2022-12-19 11:39:37,008 INFO org.springframework.boot.devtools.autoconfigure.OptionalLiveReloadServer [restartedMain] LiveReload server is running on port 35729
2022-12-19 11:39:37,020 INFO org.apache.juli.logging.DirectJDKLog [restartedMain] Starting ProtocolHandler ["http-nio-8080"]
2022-12-19 11:39:37,027 INFO org.springframework.boot.web.embedded.tomcat.TomcatWebServer [restartedMain] Tomcat started on port(s): 8080 (http) with context path ''
2022-12-19 11:39:37,034 INFO org.springframework.boot.StartupInfoLogger [restartedMain] Started SpringWebMvcApplication in 2.909 seconds (JVM running for 3.727)
2022-12-19 11:42:16,458 INFO org.springframework.boot.devtools.autoconfigure.LocalDevToolsAutoConfiguration$RestartingClassPathChangeChangedEventListener [File Watcher] Restarting due to 1 class path change (0 additions, 0 deletions, 1 modification)
